{"C:\\Users\\yagol\\Documents\\projects\\metaphase-react-demo\\src\\orm\\base.ts": {"path":"C:\\Users\\yagol\\Documents\\projects\\metaphase-react-demo\\src\\orm\\base.ts","statementMap":{"0":{"start":{"line":2,"column":0},"end":{"line":2,"column":26}},"1":{"start":{"line":3,"column":17},"end":{"line":3,"column":38}},"2":{"start":{"line":4,"column":19},"end":{"line":4,"column":42}},"3":{"start":{"line":5,"column":22},"end":{"line":5,"column":48}},"4":{"start":{"line":6,"column":20},"end":{"line":6,"column":44}},"5":{"start":{"line":7,"column":26},"end":{"line":51,"column":3}},"6":{"start":{"line":10,"column":4},"end":{"line":19,"column":6}},"7":{"start":{"line":12,"column":8},"end":{"line":17,"column":9}},"8":{"start":{"line":13,"column":12},"end":{"line":13,"column":35}},"9":{"start":{"line":16,"column":12},"end":{"line":16,"column":41}},"10":{"start":{"line":18,"column":8},"end":{"line":18,"column":40}},"11":{"start":{"line":20,"column":4},"end":{"line":25,"column":6}},"12":{"start":{"line":21,"column":8},"end":{"line":21,"column":30}},"13":{"start":{"line":22,"column":8},"end":{"line":22,"column":73}},"14":{"start":{"line":23,"column":8},"end":{"line":23,"column":69}},"15":{"start":{"line":24,"column":8},"end":{"line":24,"column":24}},"16":{"start":{"line":26,"column":4},"end":{"line":29,"column":6}},"17":{"start":{"line":27,"column":8},"end":{"line":27,"column":96}},"18":{"start":{"line":28,"column":8},"end":{"line":28,"column":24}},"19":{"start":{"line":30,"column":4},"end":{"line":41,"column":6}},"20":{"start":{"line":31,"column":8},"end":{"line":31,"column":30}},"21":{"start":{"line":33,"column":8},"end":{"line":38,"column":9}},"22":{"start":{"line":34,"column":12},"end":{"line":34,"column":46}},"23":{"start":{"line":37,"column":12},"end":{"line":37,"column":46}},"24":{"start":{"line":39,"column":8},"end":{"line":39,"column":128}},"25":{"start":{"line":40,"column":8},"end":{"line":40,"column":28}},"26":{"start":{"line":42,"column":4},"end":{"line":49,"column":6}},"27":{"start":{"line":43,"column":8},"end":{"line":43,"column":30}},"28":{"start":{"line":44,"column":26},"end":{"line":44,"column":85}},"29":{"start":{"line":45,"column":8},"end":{"line":45,"column":39}},"30":{"start":{"line":46,"column":8},"end":{"line":46,"column":53}},"31":{"start":{"line":47,"column":8},"end":{"line":47,"column":103}},"32":{"start":{"line":48,"column":8},"end":{"line":48,"column":24}},"33":{"start":{"line":50,"column":4},"end":{"line":50,"column":16}},"34":{"start":{"line":52,"column":0},"end":{"line":52,"column":20}}},"fnMap":{"0":{"name":"(anonymous_0)","decl":{"start":{"line":7,"column":26},"end":{"line":7,"column":27}},"loc":{"start":{"line":7,"column":38},"end":{"line":51,"column":1}},"line":7},"1":{"name":"Base","decl":{"start":{"line":8,"column":13},"end":{"line":8,"column":17}},"loc":{"start":{"line":8,"column":20},"end":{"line":9,"column":5}},"line":8},"2":{"name":"(anonymous_2)","decl":{"start":{"line":10,"column":31},"end":{"line":10,"column":32}},"loc":{"start":{"line":10,"column":43},"end":{"line":19,"column":5}},"line":10},"3":{"name":"(anonymous_3)","decl":{"start":{"line":20,"column":28},"end":{"line":20,"column":29}},"loc":{"start":{"line":20,"column":45},"end":{"line":25,"column":5}},"line":20},"4":{"name":"(anonymous_4)","decl":{"start":{"line":26,"column":28},"end":{"line":26,"column":29}},"loc":{"start":{"line":26,"column":45},"end":{"line":29,"column":5}},"line":26},"5":{"name":"(anonymous_5)","decl":{"start":{"line":30,"column":26},"end":{"line":30,"column":27}},"loc":{"start":{"line":30,"column":43},"end":{"line":41,"column":5}},"line":30},"6":{"name":"(anonymous_6)","decl":{"start":{"line":42,"column":28},"end":{"line":42,"column":29}},"loc":{"start":{"line":42,"column":45},"end":{"line":49,"column":5}},"line":42}},"branchMap":{"0":{"loc":{"start":{"line":12,"column":8},"end":{"line":17,"column":9}},"type":"if","locations":[{"start":{"line":12,"column":8},"end":{"line":17,"column":9}},{"start":{"line":12,"column":8},"end":{"line":17,"column":9}}],"line":12},"1":{"loc":{"start":{"line":21,"column":16},"end":{"line":21,"column":29}},"type":"binary-expr","locations":[{"start":{"line":21,"column":16},"end":{"line":21,"column":21}},{"start":{"line":21,"column":25},"end":{"line":21,"column":29}}],"line":21},"2":{"loc":{"start":{"line":31,"column":16},"end":{"line":31,"column":29}},"type":"binary-expr","locations":[{"start":{"line":31,"column":16},"end":{"line":31,"column":21}},{"start":{"line":31,"column":25},"end":{"line":31,"column":29}}],"line":31},"3":{"loc":{"start":{"line":33,"column":8},"end":{"line":38,"column":9}},"type":"if","locations":[{"start":{"line":33,"column":8},"end":{"line":38,"column":9}},{"start":{"line":33,"column":8},"end":{"line":38,"column":9}}],"line":33},"4":{"loc":{"start":{"line":39,"column":8},"end":{"line":39,"column":127}},"type":"binary-expr","locations":[{"start":{"line":39,"column":9},"end":{"line":39,"column":25}},{"start":{"line":39,"column":30},"end":{"line":39,"column":127}}],"line":39},"5":{"loc":{"start":{"line":43,"column":16},"end":{"line":43,"column":29}},"type":"binary-expr","locations":[{"start":{"line":43,"column":16},"end":{"line":43,"column":21}},{"start":{"line":43,"column":25},"end":{"line":43,"column":29}}],"line":43}},"s":{"0":6,"1":6,"2":6,"3":6,"4":6,"5":6,"6":6,"7":130,"8":54,"9":76,"10":130,"11":6,"12":38,"13":38,"14":36,"15":36,"16":6,"17":1,"18":1,"19":6,"20":39,"21":39,"22":1,"23":38,"24":37,"25":37,"26":6,"27":3,"28":3,"29":3,"30":3,"31":3,"32":3,"33":6,"34":6},"f":{"0":6,"1":99,"2":130,"3":38,"4":1,"5":39,"6":3},"b":{"0":[54,76],"1":[38,0],"2":[39,23],"3":[1,38],"4":[37,37],"5":[3,2]},"_coverageSchema":"332fd63041d2c1bcb487cc26dd0d5f7d97098a6c","hash":"b1fe402040a8650b18d84fb144291b6b5cc8c302"}
,"C:\\Users\\yagol\\Documents\\projects\\metaphase-react-demo\\src\\orm\\collection.ts": {"path":"C:\\Users\\yagol\\Documents\\projects\\metaphase-react-demo\\src\\orm\\collection.ts","statementMap":{"0":{"start":{"line":13,"column":16},"end":{"line":22,"column":4}},"1":{"start":{"line":14,"column":24},"end":{"line":16,"column":82}},"2":{"start":{"line":15,"column":65},"end":{"line":15,"column":81}},"3":{"start":{"line":16,"column":26},"end":{"line":16,"column":80}},"4":{"start":{"line":16,"column":43},"end":{"line":16,"column":80}},"5":{"start":{"line":16,"column":68},"end":{"line":16,"column":80}},"6":{"start":{"line":17,"column":4},"end":{"line":21,"column":6}},"7":{"start":{"line":18,"column":8},"end":{"line":18,"column":28}},"8":{"start":{"line":19,"column":24},"end":{"line":19,"column":45}},"9":{"start":{"line":20,"column":8},"end":{"line":20,"column":93}},"10":{"start":{"line":23,"column":0},"end":{"line":23,"column":26}},"11":{"start":{"line":24,"column":17},"end":{"line":24,"column":38}},"12":{"start":{"line":25,"column":22},"end":{"line":25,"column":48}},"13":{"start":{"line":26,"column":15},"end":{"line":26,"column":34}},"14":{"start":{"line":27,"column":13},"end":{"line":27,"column":30}},"15":{"start":{"line":28,"column":14},"end":{"line":28,"column":32}},"16":{"start":{"line":29,"column":14},"end":{"line":29,"column":32}},"17":{"start":{"line":34,"column":32},"end":{"line":188,"column":14}},"18":{"start":{"line":35,"column":4},"end":{"line":35,"column":34}},"19":{"start":{"line":37,"column":20},"end":{"line":37,"column":45}},"20":{"start":{"line":38,"column":8},"end":{"line":38,"column":28}},"21":{"start":{"line":39,"column":8},"end":{"line":41,"column":9}},"22":{"start":{"line":40,"column":12},"end":{"line":40,"column":36}},"23":{"start":{"line":42,"column":8},"end":{"line":42,"column":60}},"24":{"start":{"line":43,"column":8},"end":{"line":43,"column":21}},"25":{"start":{"line":45,"column":4},"end":{"line":52,"column":6}},"26":{"start":{"line":46,"column":20},"end":{"line":46,"column":24}},"27":{"start":{"line":47,"column":31},"end":{"line":50,"column":10}},"28":{"start":{"line":49,"column":12},"end":{"line":49,"column":55}},"29":{"start":{"line":51,"column":8},"end":{"line":51,"column":49}},"30":{"start":{"line":54,"column":4},"end":{"line":59,"column":6}},"31":{"start":{"line":55,"column":8},"end":{"line":55,"column":38}},"32":{"start":{"line":56,"column":8},"end":{"line":58,"column":9}},"33":{"start":{"line":57,"column":12},"end":{"line":57,"column":50}},"34":{"start":{"line":60,"column":4},"end":{"line":63,"column":6}},"35":{"start":{"line":61,"column":21},"end":{"line":61,"column":77}},"36":{"start":{"line":62,"column":8},"end":{"line":62,"column":58}},"37":{"start":{"line":69,"column":4},"end":{"line":74,"column":6}},"38":{"start":{"line":70,"column":8},"end":{"line":72,"column":9}},"39":{"start":{"line":71,"column":12},"end":{"line":71,"column":66}},"40":{"start":{"line":73,"column":8},"end":{"line":73,"column":21}},"41":{"start":{"line":75,"column":4},"end":{"line":87,"column":6}},"42":{"start":{"line":76,"column":8},"end":{"line":76,"column":60}},"43":{"start":{"line":76,"column":31},"end":{"line":76,"column":58}},"44":{"start":{"line":77,"column":21},"end":{"line":77,"column":81}},"45":{"start":{"line":78,"column":21},"end":{"line":78,"column":54}},"46":{"start":{"line":79,"column":8},"end":{"line":79,"column":30}},"47":{"start":{"line":80,"column":8},"end":{"line":86,"column":9}},"48":{"start":{"line":81,"column":12},"end":{"line":81,"column":80}},"49":{"start":{"line":81,"column":46},"end":{"line":81,"column":76}},"50":{"start":{"line":82,"column":12},"end":{"line":82,"column":26}},"51":{"start":{"line":85,"column":12},"end":{"line":85,"column":53}},"52":{"start":{"line":88,"column":4},"end":{"line":97,"column":6}},"53":{"start":{"line":89,"column":8},"end":{"line":89,"column":60}},"54":{"start":{"line":89,"column":31},"end":{"line":89,"column":58}},"55":{"start":{"line":90,"column":21},"end":{"line":90,"column":104}},"56":{"start":{"line":91,"column":20},"end":{"line":91,"column":42}},"57":{"start":{"line":92,"column":8},"end":{"line":92,"column":27}},"58":{"start":{"line":93,"column":8},"end":{"line":95,"column":9}},"59":{"start":{"line":94,"column":12},"end":{"line":94,"column":35}},"60":{"start":{"line":96,"column":8},"end":{"line":96,"column":21}},"61":{"start":{"line":100,"column":4},"end":{"line":113,"column":6}},"62":{"start":{"line":101,"column":8},"end":{"line":101,"column":49}},"63":{"start":{"line":101,"column":34},"end":{"line":101,"column":47}},"64":{"start":{"line":102,"column":8},"end":{"line":102,"column":60}},"65":{"start":{"line":102,"column":31},"end":{"line":102,"column":58}},"66":{"start":{"line":103,"column":21},"end":{"line":103,"column":101}},"67":{"start":{"line":104,"column":8},"end":{"line":104,"column":30}},"68":{"start":{"line":105,"column":8},"end":{"line":112,"column":9}},"69":{"start":{"line":106,"column":25},"end":{"line":106,"column":58}},"70":{"start":{"line":107,"column":12},"end":{"line":107,"column":80}},"71":{"start":{"line":107,"column":46},"end":{"line":107,"column":76}},"72":{"start":{"line":108,"column":12},"end":{"line":108,"column":26}},"73":{"start":{"line":111,"column":12},"end":{"line":111,"column":53}},"74":{"start":{"line":114,"column":4},"end":{"line":127,"column":6}},"75":{"start":{"line":115,"column":8},"end":{"line":115,"column":49}},"76":{"start":{"line":115,"column":34},"end":{"line":115,"column":47}},"77":{"start":{"line":116,"column":8},"end":{"line":116,"column":60}},"78":{"start":{"line":116,"column":31},"end":{"line":116,"column":58}},"79":{"start":{"line":117,"column":21},"end":{"line":117,"column":117}},"80":{"start":{"line":118,"column":8},"end":{"line":118,"column":30}},"81":{"start":{"line":119,"column":8},"end":{"line":126,"column":9}},"82":{"start":{"line":120,"column":25},"end":{"line":120,"column":58}},"83":{"start":{"line":121,"column":12},"end":{"line":121,"column":80}},"84":{"start":{"line":121,"column":46},"end":{"line":121,"column":76}},"85":{"start":{"line":122,"column":12},"end":{"line":122,"column":26}},"86":{"start":{"line":125,"column":12},"end":{"line":125,"column":53}},"87":{"start":{"line":128,"column":4},"end":{"line":130,"column":6}},"88":{"start":{"line":129,"column":8},"end":{"line":129,"column":44}},"89":{"start":{"line":131,"column":4},"end":{"line":147,"column":6}},"90":{"start":{"line":132,"column":20},"end":{"line":132,"column":30}},"91":{"start":{"line":133,"column":27},"end":{"line":133,"column":59}},"92":{"start":{"line":134,"column":32},"end":{"line":140,"column":10}},"93":{"start":{"line":141,"column":24},"end":{"line":142,"column":73}},"94":{"start":{"line":143,"column":8},"end":{"line":143,"column":125}},"95":{"start":{"line":144,"column":8},"end":{"line":144,"column":39}},"96":{"start":{"line":145,"column":34},"end":{"line":145,"column":76}},"97":{"start":{"line":146,"column":8},"end":{"line":146,"column":52}},"98":{"start":{"line":148,"column":4},"end":{"line":153,"column":6}},"99":{"start":{"line":149,"column":28},"end":{"line":149,"column":58}},"100":{"start":{"line":150,"column":8},"end":{"line":152,"column":9}},"101":{"start":{"line":151,"column":12},"end":{"line":151,"column":45}},"102":{"start":{"line":159,"column":4},"end":{"line":161,"column":6}},"103":{"start":{"line":160,"column":8},"end":{"line":160,"column":102}},"104":{"start":{"line":166,"column":4},"end":{"line":168,"column":6}},"105":{"start":{"line":167,"column":8},"end":{"line":167,"column":55}},"106":{"start":{"line":175,"column":4},"end":{"line":178,"column":6}},"107":{"start":{"line":176,"column":22},"end":{"line":176,"column":162}},"108":{"start":{"line":177,"column":8},"end":{"line":177,"column":43}},"109":{"start":{"line":184,"column":4},"end":{"line":186,"column":6}},"110":{"start":{"line":185,"column":8},"end":{"line":185,"column":90}},"111":{"start":{"line":187,"column":4},"end":{"line":187,"column":22}},"112":{"start":{"line":189,"column":0},"end":{"line":189,"column":32}}},"fnMap":{"0":{"name":"(anonymous_0)","decl":{"start":{"line":13,"column":45},"end":{"line":13,"column":46}},"loc":{"start":{"line":13,"column":57},"end":{"line":22,"column":1}},"line":13},"1":{"name":"(anonymous_1)","decl":{"start":{"line":15,"column":47},"end":{"line":15,"column":48}},"loc":{"start":{"line":15,"column":63},"end":{"line":15,"column":83}},"line":15},"2":{"name":"(anonymous_2)","decl":{"start":{"line":16,"column":8},"end":{"line":16,"column":9}},"loc":{"start":{"line":16,"column":24},"end":{"line":16,"column":82}},"line":16},"3":{"name":"(anonymous_3)","decl":{"start":{"line":17,"column":11},"end":{"line":17,"column":12}},"loc":{"start":{"line":17,"column":27},"end":{"line":21,"column":5}},"line":17},"4":{"name":"__","decl":{"start":{"line":19,"column":17},"end":{"line":19,"column":19}},"loc":{"start":{"line":19,"column":22},"end":{"line":19,"column":47}},"line":19},"5":{"name":"(anonymous_5)","decl":{"start":{"line":34,"column":32},"end":{"line":34,"column":33}},"loc":{"start":{"line":34,"column":50},"end":{"line":188,"column":1}},"line":34},"6":{"name":"Collection","decl":{"start":{"line":36,"column":13},"end":{"line":36,"column":23}},"loc":{"start":{"line":36,"column":31},"end":{"line":44,"column":5}},"line":36},"7":{"name":"(anonymous_7)","decl":{"start":{"line":45,"column":39},"end":{"line":45,"column":40}},"loc":{"start":{"line":45,"column":69},"end":{"line":52,"column":5}},"line":45},"8":{"name":"(anonymous_8)","decl":{"start":{"line":48,"column":65},"end":{"line":48,"column":66}},"loc":{"start":{"line":48,"column":89},"end":{"line":50,"column":9}},"line":48},"9":{"name":"(anonymous_9)","decl":{"start":{"line":54,"column":41},"end":{"line":54,"column":42}},"loc":{"start":{"line":54,"column":74},"end":{"line":59,"column":5}},"line":54},"10":{"name":"(anonymous_10)","decl":{"start":{"line":60,"column":41},"end":{"line":60,"column":42}},"loc":{"start":{"line":60,"column":53},"end":{"line":63,"column":5}},"line":60},"11":{"name":"(anonymous_11)","decl":{"start":{"line":69,"column":48},"end":{"line":69,"column":49}},"loc":{"start":{"line":69,"column":65},"end":{"line":74,"column":5}},"line":69},"12":{"name":"(anonymous_12)","decl":{"start":{"line":75,"column":34},"end":{"line":75,"column":35}},"loc":{"start":{"line":75,"column":50},"end":{"line":87,"column":5}},"line":75},"13":{"name":"(anonymous_13)","decl":{"start":{"line":81,"column":27},"end":{"line":81,"column":28}},"loc":{"start":{"line":81,"column":44},"end":{"line":81,"column":78}},"line":81},"14":{"name":"(anonymous_14)","decl":{"start":{"line":88,"column":35},"end":{"line":88,"column":36}},"loc":{"start":{"line":88,"column":55},"end":{"line":97,"column":5}},"line":88},"15":{"name":"(anonymous_15)","decl":{"start":{"line":100,"column":39},"end":{"line":100,"column":40}},"loc":{"start":{"line":100,"column":72},"end":{"line":113,"column":5}},"line":100},"16":{"name":"(anonymous_16)","decl":{"start":{"line":107,"column":27},"end":{"line":107,"column":28}},"loc":{"start":{"line":107,"column":44},"end":{"line":107,"column":78}},"line":107},"17":{"name":"(anonymous_17)","decl":{"start":{"line":114,"column":41},"end":{"line":114,"column":42}},"loc":{"start":{"line":114,"column":90},"end":{"line":127,"column":5}},"line":114},"18":{"name":"(anonymous_18)","decl":{"start":{"line":121,"column":27},"end":{"line":121,"column":28}},"loc":{"start":{"line":121,"column":44},"end":{"line":121,"column":78}},"line":121},"19":{"name":"(anonymous_19)","decl":{"start":{"line":128,"column":40},"end":{"line":128,"column":41}},"loc":{"start":{"line":128,"column":52},"end":{"line":130,"column":5}},"line":128},"20":{"name":"(anonymous_20)","decl":{"start":{"line":131,"column":48},"end":{"line":131,"column":49}},"loc":{"start":{"line":131,"column":65},"end":{"line":147,"column":5}},"line":131},"21":{"name":"(anonymous_21)","decl":{"start":{"line":148,"column":43},"end":{"line":148,"column":44}},"loc":{"start":{"line":148,"column":55},"end":{"line":153,"column":5}},"line":148},"22":{"name":"(anonymous_22)","decl":{"start":{"line":159,"column":32},"end":{"line":159,"column":33}},"loc":{"start":{"line":159,"column":54},"end":{"line":161,"column":5}},"line":159},"23":{"name":"(anonymous_23)","decl":{"start":{"line":166,"column":33},"end":{"line":166,"column":34}},"loc":{"start":{"line":166,"column":45},"end":{"line":168,"column":5}},"line":166},"24":{"name":"(anonymous_24)","decl":{"start":{"line":175,"column":27},"end":{"line":175,"column":28}},"loc":{"start":{"line":175,"column":60},"end":{"line":178,"column":5}},"line":175},"25":{"name":"(anonymous_25)","decl":{"start":{"line":184,"column":29},"end":{"line":184,"column":30}},"loc":{"start":{"line":184,"column":50},"end":{"line":186,"column":5}},"line":184}},"branchMap":{"0":{"loc":{"start":{"line":13,"column":16},"end":{"line":22,"column":4}},"type":"binary-expr","locations":[{"start":{"line":13,"column":17},"end":{"line":13,"column":21}},{"start":{"line":13,"column":25},"end":{"line":13,"column":39}},{"start":{"line":13,"column":44},"end":{"line":22,"column":4}}],"line":13},"1":{"loc":{"start":{"line":14,"column":24},"end":{"line":16,"column":82}},"type":"binary-expr","locations":[{"start":{"line":14,"column":24},"end":{"line":14,"column":45}},{"start":{"line":15,"column":9},"end":{"line":15,"column":43}},{"start":{"line":15,"column":47},"end":{"line":15,"column":83}},{"start":{"line":16,"column":8},"end":{"line":16,"column":82}}],"line":14},"2":{"loc":{"start":{"line":16,"column":43},"end":{"line":16,"column":80}},"type":"if","locations":[{"start":{"line":16,"column":43},"end":{"line":16,"column":80}},{"start":{"line":16,"column":43},"end":{"line":16,"column":80}}],"line":16},"3":{"loc":{"start":{"line":20,"column":22},"end":{"line":20,"column":92}},"type":"cond-expr","locations":[{"start":{"line":20,"column":35},"end":{"line":20,"column":51}},{"start":{"line":20,"column":55},"end":{"line":20,"column":91}}],"line":20},"4":{"loc":{"start":{"line":37,"column":20},"end":{"line":37,"column":45}},"type":"binary-expr","locations":[{"start":{"line":37,"column":20},"end":{"line":37,"column":37}},{"start":{"line":37,"column":41},"end":{"line":37,"column":45}}],"line":37},"5":{"loc":{"start":{"line":39,"column":8},"end":{"line":41,"column":9}},"type":"if","locations":[{"start":{"line":39,"column":8},"end":{"line":41,"column":9}},{"start":{"line":39,"column":8},"end":{"line":41,"column":9}}],"line":39},"6":{"loc":{"start":{"line":62,"column":15},"end":{"line":62,"column":57}},"type":"binary-expr","locations":[{"start":{"line":62,"column":15},"end":{"line":62,"column":21}},{"start":{"line":62,"column":25},"end":{"line":62,"column":57}}],"line":62},"7":{"loc":{"start":{"line":76,"column":8},"end":{"line":76,"column":60}},"type":"if","locations":[{"start":{"line":76,"column":8},"end":{"line":76,"column":60}},{"start":{"line":76,"column":8},"end":{"line":76,"column":60}}],"line":76},"8":{"loc":{"start":{"line":80,"column":8},"end":{"line":86,"column":9}},"type":"if","locations":[{"start":{"line":80,"column":8},"end":{"line":86,"column":9}},{"start":{"line":80,"column":8},"end":{"line":86,"column":9}}],"line":80},"9":{"loc":{"start":{"line":89,"column":8},"end":{"line":89,"column":60}},"type":"if","locations":[{"start":{"line":89,"column":8},"end":{"line":89,"column":60}},{"start":{"line":89,"column":8},"end":{"line":89,"column":60}}],"line":89},"10":{"loc":{"start":{"line":93,"column":8},"end":{"line":95,"column":9}},"type":"if","locations":[{"start":{"line":93,"column":8},"end":{"line":95,"column":9}},{"start":{"line":93,"column":8},"end":{"line":95,"column":9}}],"line":93},"11":{"loc":{"start":{"line":101,"column":8},"end":{"line":101,"column":49}},"type":"if","locations":[{"start":{"line":101,"column":8},"end":{"line":101,"column":49}},{"start":{"line":101,"column":8},"end":{"line":101,"column":49}}],"line":101},"12":{"loc":{"start":{"line":102,"column":8},"end":{"line":102,"column":60}},"type":"if","locations":[{"start":{"line":102,"column":8},"end":{"line":102,"column":60}},{"start":{"line":102,"column":8},"end":{"line":102,"column":60}}],"line":102},"13":{"loc":{"start":{"line":105,"column":8},"end":{"line":112,"column":9}},"type":"if","locations":[{"start":{"line":105,"column":8},"end":{"line":112,"column":9}},{"start":{"line":105,"column":8},"end":{"line":112,"column":9}}],"line":105},"14":{"loc":{"start":{"line":115,"column":8},"end":{"line":115,"column":49}},"type":"if","locations":[{"start":{"line":115,"column":8},"end":{"line":115,"column":49}},{"start":{"line":115,"column":8},"end":{"line":115,"column":49}}],"line":115},"15":{"loc":{"start":{"line":116,"column":8},"end":{"line":116,"column":60}},"type":"if","locations":[{"start":{"line":116,"column":8},"end":{"line":116,"column":60}},{"start":{"line":116,"column":8},"end":{"line":116,"column":60}}],"line":116},"16":{"loc":{"start":{"line":119,"column":8},"end":{"line":126,"column":9}},"type":"if","locations":[{"start":{"line":119,"column":8},"end":{"line":126,"column":9}},{"start":{"line":119,"column":8},"end":{"line":126,"column":9}}],"line":119}},"s":{"0":6,"1":6,"2":0,"3":0,"4":0,"5":0,"6":6,"7":6,"8":6,"9":6,"10":6,"11":6,"12":6,"13":6,"14":6,"15":6,"16":6,"17":6,"18":6,"19":13,"20":13,"21":13,"22":10,"23":13,"24":13,"25":6,"26":13,"27":13,"28":13,"29":13,"30":6,"31":13,"32":13,"33":40,"34":6,"35":37,"36":37,"37":6,"38":17,"39":19,"40":17,"41":6,"42":2,"43":1,"44":2,"45":2,"46":2,"47":2,"48":1,"49":3,"50":1,"51":1,"52":6,"53":3,"54":1,"55":3,"56":3,"57":3,"58":3,"59":1,"60":3,"61":6,"62":9,"63":6,"64":9,"65":7,"66":9,"67":9,"68":9,"69":1,"70":1,"71":1,"72":1,"73":8,"74":6,"75":5,"76":1,"77":5,"78":2,"79":5,"80":5,"81":5,"82":2,"83":2,"84":2,"85":2,"86":3,"87":6,"88":13,"89":6,"90":10,"91":10,"92":10,"93":10,"94":10,"95":10,"96":10,"97":10,"98":6,"99":10,"100":10,"101":10,"102":6,"103":5,"104":6,"105":4,"106":6,"107":9,"108":9,"109":6,"110":1,"111":6,"112":6},"f":{"0":6,"1":0,"2":0,"3":6,"4":6,"5":6,"6":13,"7":13,"8":13,"9":13,"10":37,"11":17,"12":2,"13":3,"14":3,"15":9,"16":1,"17":5,"18":2,"19":13,"20":10,"21":10,"22":5,"23":4,"24":9,"25":1},"b":{"0":[6,6,6],"1":[6,0,0,0],"2":[0,0],"3":[0,6],"4":[13,13],"5":[10,3],"6":[37,37],"7":[1,1],"8":[1,1],"9":[1,2],"10":[1,2],"11":[6,3],"12":[7,2],"13":[1,8],"14":[1,4],"15":[2,3],"16":[2,3]},"_coverageSchema":"332fd63041d2c1bcb487cc26dd0d5f7d97098a6c","hash":"7103552de919daa1d3e48ccb23ab07e7d3a1d7ba"}
,"C:\\Users\\yagol\\Documents\\projects\\metaphase-react-demo\\src\\orm\\column.ts": {"path":"C:\\Users\\yagol\\Documents\\projects\\metaphase-react-demo\\src\\orm\\column.ts","statementMap":{"0":{"start":{"line":6,"column":0},"end":{"line":6,"column":26}},"1":{"start":{"line":7,"column":19},"end":{"line":7,"column":42}},"2":{"start":{"line":9,"column":0},"end":{"line":15,"column":71}},"3":{"start":{"line":10,"column":4},"end":{"line":10,"column":40}},"4":{"start":{"line":11,"column":4},"end":{"line":11,"column":41}},"5":{"start":{"line":12,"column":4},"end":{"line":12,"column":47}},"6":{"start":{"line":13,"column":4},"end":{"line":13,"column":42}},"7":{"start":{"line":14,"column":4},"end":{"line":14,"column":43}},"8":{"start":{"line":16,"column":28},"end":{"line":102,"column":3}},"9":{"start":{"line":21,"column":19},"end":{"line":21,"column":26}},"10":{"start":{"line":21,"column":35},"end":{"line":21,"column":42}},"11":{"start":{"line":21,"column":53},"end":{"line":21,"column":62}},"12":{"start":{"line":21,"column":77},"end":{"line":21,"column":90}},"13":{"start":{"line":21,"column":107},"end":{"line":21,"column":122}},"14":{"start":{"line":21,"column":133},"end":{"line":21,"column":142}},"15":{"start":{"line":21,"column":159},"end":{"line":21,"column":174}},"16":{"start":{"line":21,"column":190},"end":{"line":21,"column":204}},"17":{"start":{"line":21,"column":214},"end":{"line":21,"column":222}},"18":{"start":{"line":22,"column":8},"end":{"line":22,"column":25}},"19":{"start":{"line":23,"column":8},"end":{"line":23,"column":29}},"20":{"start":{"line":24,"column":8},"end":{"line":24,"column":37}},"21":{"start":{"line":25,"column":8},"end":{"line":25,"column":41}},"22":{"start":{"line":26,"column":8},"end":{"line":26,"column":29}},"23":{"start":{"line":27,"column":8},"end":{"line":27,"column":41}},"24":{"start":{"line":28,"column":8},"end":{"line":28,"column":25}},"25":{"start":{"line":29,"column":8},"end":{"line":29,"column":39}},"26":{"start":{"line":30,"column":8},"end":{"line":30,"column":27}},"27":{"start":{"line":41,"column":4},"end":{"line":54,"column":6}},"28":{"start":{"line":42,"column":8},"end":{"line":44,"column":9}},"29":{"start":{"line":43,"column":12},"end":{"line":43,"column":64}},"30":{"start":{"line":45,"column":8},"end":{"line":47,"column":9}},"31":{"start":{"line":46,"column":12},"end":{"line":46,"column":72}},"32":{"start":{"line":48,"column":8},"end":{"line":53,"column":44}},"33":{"start":{"line":59,"column":4},"end":{"line":81,"column":6}},"34":{"start":{"line":61,"column":22},"end":{"line":61,"column":33}},"35":{"start":{"line":62,"column":22},"end":{"line":62,"column":31}},"36":{"start":{"line":63,"column":22},"end":{"line":63,"column":31}},"37":{"start":{"line":64,"column":8},"end":{"line":64,"column":97}},"38":{"start":{"line":65,"column":8},"end":{"line":67,"column":9}},"39":{"start":{"line":66,"column":12},"end":{"line":66,"column":73}},"40":{"start":{"line":68,"column":8},"end":{"line":70,"column":9}},"41":{"start":{"line":69,"column":12},"end":{"line":69,"column":46}},"42":{"start":{"line":71,"column":8},"end":{"line":73,"column":9}},"43":{"start":{"line":72,"column":12},"end":{"line":72,"column":62}},"44":{"start":{"line":74,"column":8},"end":{"line":76,"column":9}},"45":{"start":{"line":75,"column":12},"end":{"line":75,"column":87}},"46":{"start":{"line":77,"column":8},"end":{"line":79,"column":9}},"47":{"start":{"line":78,"column":12},"end":{"line":78,"column":76}},"48":{"start":{"line":80,"column":8},"end":{"line":80,"column":61}},"49":{"start":{"line":82,"column":4},"end":{"line":89,"column":6}},"50":{"start":{"line":83,"column":8},"end":{"line":88,"column":9}},"51":{"start":{"line":84,"column":12},"end":{"line":84,"column":38}},"52":{"start":{"line":87,"column":12},"end":{"line":87,"column":59}},"53":{"start":{"line":90,"column":4},"end":{"line":97,"column":6}},"54":{"start":{"line":91,"column":8},"end":{"line":96,"column":9}},"55":{"start":{"line":92,"column":12},"end":{"line":92,"column":37}},"56":{"start":{"line":95,"column":12},"end":{"line":95,"column":58}},"57":{"start":{"line":98,"column":4},"end":{"line":100,"column":6}},"58":{"start":{"line":99,"column":8},"end":{"line":99,"column":40}},"59":{"start":{"line":101,"column":4},"end":{"line":101,"column":18}},"60":{"start":{"line":103,"column":0},"end":{"line":103,"column":24}}},"fnMap":{"0":{"name":"(anonymous_0)","decl":{"start":{"line":9,"column":1},"end":{"line":9,"column":2}},"loc":{"start":{"line":9,"column":25},"end":{"line":15,"column":1}},"line":9},"1":{"name":"(anonymous_1)","decl":{"start":{"line":16,"column":28},"end":{"line":16,"column":29}},"loc":{"start":{"line":16,"column":40},"end":{"line":102,"column":1}},"line":16},"2":{"name":"Column","decl":{"start":{"line":20,"column":13},"end":{"line":20,"column":19}},"loc":{"start":{"line":20,"column":24},"end":{"line":31,"column":5}},"line":20},"3":{"name":"(anonymous_3)","decl":{"start":{"line":41,"column":45},"end":{"line":41,"column":46}},"loc":{"start":{"line":41,"column":62},"end":{"line":54,"column":5}},"line":41},"4":{"name":"(anonymous_4)","decl":{"start":{"line":59,"column":36},"end":{"line":59,"column":37}},"loc":{"start":{"line":59,"column":53},"end":{"line":81,"column":5}},"line":59},"5":{"name":"(anonymous_5)","decl":{"start":{"line":82,"column":33},"end":{"line":82,"column":34}},"loc":{"start":{"line":82,"column":86},"end":{"line":89,"column":5}},"line":82},"6":{"name":"(anonymous_6)","decl":{"start":{"line":90,"column":22},"end":{"line":90,"column":23}},"loc":{"start":{"line":90,"column":75},"end":{"line":97,"column":5}},"line":90},"7":{"name":"(anonymous_7)","decl":{"start":{"line":98,"column":36},"end":{"line":98,"column":37}},"loc":{"start":{"line":98,"column":48},"end":{"line":100,"column":5}},"line":98}},"branchMap":{"0":{"loc":{"start":{"line":15,"column":18},"end":{"line":15,"column":69}},"type":"binary-expr","locations":[{"start":{"line":15,"column":18},"end":{"line":15,"column":38}},{"start":{"line":15,"column":43},"end":{"line":15,"column":68}}],"line":15},"1":{"loc":{"start":{"line":42,"column":8},"end":{"line":44,"column":9}},"type":"if","locations":[{"start":{"line":42,"column":8},"end":{"line":44,"column":9}},{"start":{"line":42,"column":8},"end":{"line":44,"column":9}}],"line":42},"2":{"loc":{"start":{"line":45,"column":8},"end":{"line":47,"column":9}},"type":"if","locations":[{"start":{"line":45,"column":8},"end":{"line":47,"column":9}},{"start":{"line":45,"column":8},"end":{"line":47,"column":9}}],"line":45},"3":{"loc":{"start":{"line":64,"column":8},"end":{"line":64,"column":96}},"type":"binary-expr","locations":[{"start":{"line":64,"column":8},"end":{"line":64,"column":17}},{"start":{"line":64,"column":21},"end":{"line":64,"column":96}}],"line":64},"4":{"loc":{"start":{"line":65,"column":8},"end":{"line":67,"column":9}},"type":"if","locations":[{"start":{"line":65,"column":8},"end":{"line":67,"column":9}},{"start":{"line":65,"column":8},"end":{"line":67,"column":9}}],"line":65},"5":{"loc":{"start":{"line":65,"column":12},"end":{"line":65,"column":32}},"type":"binary-expr","locations":[{"start":{"line":65,"column":12},"end":{"line":65,"column":20}},{"start":{"line":65,"column":24},"end":{"line":65,"column":32}}],"line":65},"6":{"loc":{"start":{"line":66,"column":53},"end":{"line":66,"column":71}},"type":"binary-expr","locations":[{"start":{"line":66,"column":53},"end":{"line":66,"column":60}},{"start":{"line":66,"column":64},"end":{"line":66,"column":71}}],"line":66},"7":{"loc":{"start":{"line":68,"column":8},"end":{"line":70,"column":9}},"type":"if","locations":[{"start":{"line":68,"column":8},"end":{"line":70,"column":9}},{"start":{"line":68,"column":8},"end":{"line":70,"column":9}}],"line":68},"8":{"loc":{"start":{"line":71,"column":8},"end":{"line":73,"column":9}},"type":"if","locations":[{"start":{"line":71,"column":8},"end":{"line":73,"column":9}},{"start":{"line":71,"column":8},"end":{"line":73,"column":9}}],"line":71},"9":{"loc":{"start":{"line":74,"column":8},"end":{"line":76,"column":9}},"type":"if","locations":[{"start":{"line":74,"column":8},"end":{"line":76,"column":9}},{"start":{"line":74,"column":8},"end":{"line":76,"column":9}}],"line":74},"10":{"loc":{"start":{"line":77,"column":8},"end":{"line":79,"column":9}},"type":"if","locations":[{"start":{"line":77,"column":8},"end":{"line":79,"column":9}},{"start":{"line":77,"column":8},"end":{"line":79,"column":9}}],"line":77},"11":{"loc":{"start":{"line":80,"column":15},"end":{"line":80,"column":60}},"type":"binary-expr","locations":[{"start":{"line":80,"column":15},"end":{"line":80,"column":24}},{"start":{"line":80,"column":28},"end":{"line":80,"column":60}}],"line":80},"12":{"loc":{"start":{"line":83,"column":8},"end":{"line":88,"column":9}},"type":"if","locations":[{"start":{"line":83,"column":8},"end":{"line":88,"column":9}},{"start":{"line":83,"column":8},"end":{"line":88,"column":9}}],"line":83},"13":{"loc":{"start":{"line":91,"column":8},"end":{"line":96,"column":9}},"type":"if","locations":[{"start":{"line":91,"column":8},"end":{"line":96,"column":9}},{"start":{"line":91,"column":8},"end":{"line":96,"column":9}}],"line":91}},"s":{"0":6,"1":6,"2":6,"3":6,"4":6,"5":6,"6":6,"7":6,"8":6,"9":53,"10":53,"11":53,"12":53,"13":53,"14":53,"15":53,"16":53,"17":53,"18":53,"19":53,"20":53,"21":53,"22":53,"23":53,"24":53,"25":53,"26":53,"27":6,"28":7,"29":0,"30":7,"31":0,"32":7,"33":6,"34":40,"35":40,"36":40,"37":40,"38":40,"39":0,"40":40,"41":7,"42":40,"43":13,"44":40,"45":6,"46":40,"47":0,"48":40,"49":6,"50":6,"51":0,"52":6,"53":6,"54":0,"55":0,"56":0,"57":6,"58":0,"59":6,"60":6},"f":{"0":6,"1":6,"2":53,"3":7,"4":40,"5":6,"6":0,"7":0},"b":{"0":[6,6],"1":[0,7],"2":[0,7],"3":[40,0],"4":[0,40],"5":[40,40],"6":[0,0],"7":[7,33],"8":[13,27],"9":[6,34],"10":[0,40],"11":[40,21],"12":[0,6],"13":[0,0]},"_coverageSchema":"332fd63041d2c1bcb487cc26dd0d5f7d97098a6c","hash":"bb5a8af73987fd56456b3e39a36ecc8489dc493a"}
,"C:\\Users\\yagol\\Documents\\projects\\metaphase-react-demo\\src\\orm\\database.ts": {"path":"C:\\Users\\yagol\\Documents\\projects\\metaphase-react-demo\\src\\orm\\database.ts","statementMap":{"0":{"start":{"line":2,"column":0},"end":{"line":2,"column":26}},"1":{"start":{"line":3,"column":10},"end":{"line":3,"column":27}},"2":{"start":{"line":4,"column":20},"end":{"line":4,"column":44}},"3":{"start":{"line":5,"column":16},"end":{"line":5,"column":37}},"4":{"start":{"line":10,"column":0},"end":{"line":10,"column":32}},"5":{"start":{"line":11,"column":0},"end":{"line":13,"column":2}},"6":{"start":{"line":12,"column":4},"end":{"line":12,"column":26}},"7":{"start":{"line":14,"column":0},"end":{"line":18,"column":2}},"8":{"start":{"line":15,"column":22},"end":{"line":15,"column":38}},"9":{"start":{"line":16,"column":4},"end":{"line":16,"column":49}},"10":{"start":{"line":17,"column":4},"end":{"line":17,"column":39}},"11":{"start":{"line":19,"column":0},"end":{"line":22,"column":2}},"12":{"start":{"line":20,"column":4},"end":{"line":20,"column":54}},"13":{"start":{"line":21,"column":4},"end":{"line":21,"column":71}},"14":{"start":{"line":23,"column":0},"end":{"line":30,"column":2}},"15":{"start":{"line":24,"column":17},"end":{"line":24,"column":19}},"16":{"start":{"line":25,"column":4},"end":{"line":27,"column":5}},"17":{"start":{"line":26,"column":8},"end":{"line":26,"column":45}},"18":{"start":{"line":28,"column":4},"end":{"line":28,"column":21}},"19":{"start":{"line":29,"column":4},"end":{"line":29,"column":18}},"20":{"start":{"line":31,"column":0},"end":{"line":34,"column":2}},"21":{"start":{"line":32,"column":17},"end":{"line":32,"column":114}},"22":{"start":{"line":33,"column":4},"end":{"line":33,"column":39}},"23":{"start":{"line":35,"column":0},"end":{"line":40,"column":2}},"24":{"start":{"line":36,"column":15},"end":{"line":36,"column":47}},"25":{"start":{"line":37,"column":17},"end":{"line":37,"column":44}},"26":{"start":{"line":38,"column":4},"end":{"line":38,"column":16}},"27":{"start":{"line":39,"column":4},"end":{"line":39,"column":18}},"28":{"start":{"line":41,"column":0},"end":{"line":43,"column":2}},"29":{"start":{"line":42,"column":4},"end":{"line":42,"column":61}},"30":{"start":{"line":44,"column":0},"end":{"line":46,"column":2}},"31":{"start":{"line":45,"column":4},"end":{"line":45,"column":96}},"32":{"start":{"line":47,"column":0},"end":{"line":74,"column":2}},"33":{"start":{"line":48,"column":4},"end":{"line":73,"column":7}},"34":{"start":{"line":50,"column":8},"end":{"line":52,"column":9}},"35":{"start":{"line":51,"column":12},"end":{"line":51,"column":42}},"36":{"start":{"line":54,"column":8},"end":{"line":69,"column":9}},"37":{"start":{"line":55,"column":25},"end":{"line":55,"column":52}},"38":{"start":{"line":56,"column":29},"end":{"line":56,"column":53}},"39":{"start":{"line":57,"column":12},"end":{"line":57,"column":47}},"40":{"start":{"line":58,"column":12},"end":{"line":63,"column":13}},"41":{"start":{"line":59,"column":16},"end":{"line":59,"column":44}},"42":{"start":{"line":62,"column":16},"end":{"line":62,"column":75}},"43":{"start":{"line":64,"column":12},"end":{"line":64,"column":28}},"44":{"start":{"line":65,"column":28},"end":{"line":65,"column":85}},"45":{"start":{"line":66,"column":12},"end":{"line":66,"column":93}},"46":{"start":{"line":67,"column":12},"end":{"line":67,"column":60}},"47":{"start":{"line":68,"column":12},"end":{"line":68,"column":23}},"48":{"start":{"line":71,"column":8},"end":{"line":71,"column":29}},"49":{"start":{"line":72,"column":8},"end":{"line":72,"column":47}},"50":{"start":{"line":75,"column":0},"end":{"line":87,"column":2}},"51":{"start":{"line":76,"column":4},"end":{"line":86,"column":5}},"52":{"start":{"line":77,"column":35},"end":{"line":77,"column":45}},"53":{"start":{"line":78,"column":25},"end":{"line":78,"column":47}},"54":{"start":{"line":79,"column":21},"end":{"line":79,"column":43}},"55":{"start":{"line":80,"column":19},"end":{"line":80,"column":89}},"56":{"start":{"line":81,"column":8},"end":{"line":81,"column":31}},"57":{"start":{"line":84,"column":8},"end":{"line":84,"column":60}},"58":{"start":{"line":85,"column":8},"end":{"line":85,"column":33}},"59":{"start":{"line":88,"column":0},"end":{"line":88,"column":16}}},"fnMap":{"0":{"name":"(anonymous_0)","decl":{"start":{"line":11,"column":35},"end":{"line":11,"column":36}},"loc":{"start":{"line":11,"column":55},"end":{"line":13,"column":1}},"line":11},"1":{"name":"(anonymous_1)","decl":{"start":{"line":14,"column":32},"end":{"line":14,"column":33}},"loc":{"start":{"line":14,"column":49},"end":{"line":18,"column":1}},"line":14},"2":{"name":"(anonymous_2)","decl":{"start":{"line":19,"column":33},"end":{"line":19,"column":34}},"loc":{"start":{"line":19,"column":50},"end":{"line":22,"column":1}},"line":19},"3":{"name":"(anonymous_3)","decl":{"start":{"line":23,"column":34},"end":{"line":23,"column":35}},"loc":{"start":{"line":23,"column":55},"end":{"line":30,"column":1}},"line":23},"4":{"name":"(anonymous_4)","decl":{"start":{"line":31,"column":32},"end":{"line":31,"column":33}},"loc":{"start":{"line":31,"column":53},"end":{"line":34,"column":1}},"line":31},"5":{"name":"(anonymous_5)","decl":{"start":{"line":35,"column":36},"end":{"line":35,"column":37}},"loc":{"start":{"line":35,"column":60},"end":{"line":40,"column":1}},"line":35},"6":{"name":"(anonymous_6)","decl":{"start":{"line":41,"column":38},"end":{"line":41,"column":39}},"loc":{"start":{"line":41,"column":50},"end":{"line":43,"column":1}},"line":41},"7":{"name":"(anonymous_7)","decl":{"start":{"line":44,"column":33},"end":{"line":44,"column":34}},"loc":{"start":{"line":44,"column":45},"end":{"line":46,"column":1}},"line":44},"8":{"name":"(anonymous_8)","decl":{"start":{"line":47,"column":25},"end":{"line":47,"column":26}},"loc":{"start":{"line":47,"column":59},"end":{"line":74,"column":1}},"line":47},"9":{"name":"(anonymous_9)","decl":{"start":{"line":49,"column":14},"end":{"line":49,"column":15}},"loc":{"start":{"line":49,"column":34},"end":{"line":53,"column":5}},"line":49},"10":{"name":"(anonymous_10)","decl":{"start":{"line":53,"column":12},"end":{"line":53,"column":13}},"loc":{"start":{"line":53,"column":35},"end":{"line":70,"column":5}},"line":53},"11":{"name":"(anonymous_11)","decl":{"start":{"line":70,"column":16},"end":{"line":70,"column":17}},"loc":{"start":{"line":70,"column":33},"end":{"line":73,"column":5}},"line":70},"12":{"name":"(anonymous_12)","decl":{"start":{"line":75,"column":23},"end":{"line":75,"column":24}},"loc":{"start":{"line":75,"column":47},"end":{"line":87,"column":1}},"line":75}},"branchMap":{"0":{"loc":{"start":{"line":33,"column":11},"end":{"line":33,"column":38}},"type":"binary-expr","locations":[{"start":{"line":33,"column":11},"end":{"line":33,"column":17}},{"start":{"line":33,"column":21},"end":{"line":33,"column":38}}],"line":33},"1":{"loc":{"start":{"line":50,"column":8},"end":{"line":52,"column":9}},"type":"if","locations":[{"start":{"line":50,"column":8},"end":{"line":52,"column":9}},{"start":{"line":50,"column":8},"end":{"line":52,"column":9}}],"line":50},"2":{"loc":{"start":{"line":54,"column":8},"end":{"line":69,"column":9}},"type":"if","locations":[{"start":{"line":54,"column":8},"end":{"line":69,"column":9}},{"start":{"line":54,"column":8},"end":{"line":69,"column":9}}],"line":54}},"s":{"0":6,"1":6,"2":6,"3":6,"4":6,"5":6,"6":0,"7":6,"8":15,"9":15,"10":15,"11":6,"12":91,"13":91,"14":6,"15":129,"16":129,"17":100,"18":127,"19":127,"20":6,"21":0,"22":0,"23":6,"24":38,"25":38,"26":38,"27":38,"28":6,"29":1,"30":6,"31":0,"32":6,"33":0,"34":0,"35":0,"36":0,"37":0,"38":0,"39":0,"40":0,"41":0,"42":0,"43":0,"44":0,"45":0,"46":0,"47":0,"48":0,"49":0,"50":6,"51":0,"52":0,"53":0,"54":0,"55":0,"56":0,"57":0,"58":0,"59":6},"f":{"0":0,"1":15,"2":91,"3":129,"4":0,"5":38,"6":1,"7":0,"8":0,"9":0,"10":0,"11":0,"12":0},"b":{"0":[0,0],"1":[0,0],"2":[0,0]},"_coverageSchema":"332fd63041d2c1bcb487cc26dd0d5f7d97098a6c","hash":"a0b8a89ac80f137e5b95500afac665980a47dc55"}
,"C:\\Users\\yagol\\Documents\\projects\\metaphase-react-demo\\src\\orm\\decorators.ts": {"path":"C:\\Users\\yagol\\Documents\\projects\\metaphase-react-demo\\src\\orm\\decorators.ts","statementMap":{"0":{"start":{"line":2,"column":0},"end":{"line":2,"column":26}},"1":{"start":{"line":3,"column":0},"end":{"line":3,"column":28}},"2":{"start":{"line":4,"column":15},"end":{"line":4,"column":34}},"3":{"start":{"line":5,"column":14},"end":{"line":5,"column":32}},"4":{"start":{"line":6,"column":19},"end":{"line":6,"column":42}},"5":{"start":{"line":8,"column":4},"end":{"line":29,"column":6}},"6":{"start":{"line":10,"column":23},"end":{"line":10,"column":75}},"7":{"start":{"line":11,"column":8},"end":{"line":11,"column":70}},"8":{"start":{"line":15,"column":8},"end":{"line":20,"column":9}},"9":{"start":{"line":16,"column":12},"end":{"line":16,"column":58}},"10":{"start":{"line":19,"column":12},"end":{"line":19,"column":66}},"11":{"start":{"line":21,"column":8},"end":{"line":28,"column":12}},"12":{"start":{"line":31,"column":0},"end":{"line":31,"column":24}},"13":{"start":{"line":51,"column":4},"end":{"line":51,"column":56}},"14":{"start":{"line":53,"column":4},"end":{"line":64,"column":5}},"15":{"start":{"line":54,"column":8},"end":{"line":54,"column":39}},"16":{"start":{"line":56,"column":9},"end":{"line":64,"column":5}},"17":{"start":{"line":57,"column":8},"end":{"line":57,"column":40}},"18":{"start":{"line":59,"column":9},"end":{"line":64,"column":5}},"19":{"start":{"line":60,"column":8},"end":{"line":60,"column":37}},"20":{"start":{"line":63,"column":8},"end":{"line":63,"column":64}},"21":{"start":{"line":65,"column":4},"end":{"line":65,"column":18}},"22":{"start":{"line":67,"column":0},"end":{"line":67,"column":54}}},"fnMap":{"0":{"name":"column","decl":{"start":{"line":7,"column":9},"end":{"line":7,"column":15}},"loc":{"start":{"line":7,"column":25},"end":{"line":30,"column":1}},"line":7},"1":{"name":"(anonymous_1)","decl":{"start":{"line":8,"column":11},"end":{"line":8,"column":12}},"loc":{"start":{"line":8,"column":39},"end":{"line":29,"column":5}},"line":8},"2":{"name":"getDBTypeFromPropType","decl":{"start":{"line":50,"column":9},"end":{"line":50,"column":30}},"loc":{"start":{"line":50,"column":43},"end":{"line":66,"column":1}},"line":50}},"branchMap":{"0":{"loc":{"start":{"line":11,"column":37},"end":{"line":11,"column":69}},"type":"binary-expr","locations":[{"start":{"line":11,"column":37},"end":{"line":11,"column":63}},{"start":{"line":11,"column":67},"end":{"line":11,"column":69}}],"line":11},"1":{"loc":{"start":{"line":15,"column":8},"end":{"line":20,"column":9}},"type":"if","locations":[{"start":{"line":15,"column":8},"end":{"line":20,"column":9}},{"start":{"line":15,"column":8},"end":{"line":20,"column":9}}],"line":15},"2":{"loc":{"start":{"line":23,"column":20},"end":{"line":23,"column":55}},"type":"binary-expr","locations":[{"start":{"line":23,"column":20},"end":{"line":23,"column":27}},{"start":{"line":23,"column":31},"end":{"line":23,"column":45}},{"start":{"line":23,"column":49},"end":{"line":23,"column":55}}],"line":23},"3":{"loc":{"start":{"line":24,"column":18},"end":{"line":24,"column":41}},"type":"binary-expr","locations":[{"start":{"line":24,"column":18},"end":{"line":24,"column":25}},{"start":{"line":24,"column":29},"end":{"line":24,"column":41}}],"line":24},"4":{"loc":{"start":{"line":25,"column":20},"end":{"line":25,"column":45}},"type":"binary-expr","locations":[{"start":{"line":25,"column":20},"end":{"line":25,"column":27}},{"start":{"line":25,"column":31},"end":{"line":25,"column":45}}],"line":25},"5":{"loc":{"start":{"line":26,"column":25},"end":{"line":26,"column":55}},"type":"binary-expr","locations":[{"start":{"line":26,"column":25},"end":{"line":26,"column":32}},{"start":{"line":26,"column":36},"end":{"line":26,"column":55}}],"line":26},"6":{"loc":{"start":{"line":27,"column":19},"end":{"line":27,"column":43}},"type":"binary-expr","locations":[{"start":{"line":27,"column":19},"end":{"line":27,"column":26}},{"start":{"line":27,"column":30},"end":{"line":27,"column":43}}],"line":27},"7":{"loc":{"start":{"line":51,"column":17},"end":{"line":51,"column":55}},"type":"binary-expr","locations":[{"start":{"line":51,"column":17},"end":{"line":51,"column":27}},{"start":{"line":51,"column":31},"end":{"line":51,"column":55}}],"line":51},"8":{"loc":{"start":{"line":53,"column":4},"end":{"line":64,"column":5}},"type":"if","locations":[{"start":{"line":53,"column":4},"end":{"line":64,"column":5}},{"start":{"line":53,"column":4},"end":{"line":64,"column":5}}],"line":53},"9":{"loc":{"start":{"line":56,"column":9},"end":{"line":64,"column":5}},"type":"if","locations":[{"start":{"line":56,"column":9},"end":{"line":64,"column":5}},{"start":{"line":56,"column":9},"end":{"line":64,"column":5}}],"line":56},"10":{"loc":{"start":{"line":59,"column":9},"end":{"line":64,"column":5}},"type":"if","locations":[{"start":{"line":59,"column":9},"end":{"line":64,"column":5}},{"start":{"line":59,"column":9},"end":{"line":64,"column":5}}],"line":59}},"s":{"0":1,"1":1,"2":1,"3":1,"4":1,"5":0,"6":0,"7":0,"8":0,"9":0,"10":0,"11":0,"12":1,"13":4,"14":4,"15":1,"16":3,"17":1,"18":2,"19":1,"20":1,"21":3,"22":1},"f":{"0":0,"1":0,"2":4},"b":{"0":[0,0],"1":[0,0],"2":[0,0,0],"3":[0,0],"4":[0,0],"5":[0,0],"6":[0,0],"7":[4,4],"8":[1,3],"9":[1,2],"10":[1,1]},"_coverageSchema":"332fd63041d2c1bcb487cc26dd0d5f7d97098a6c","hash":"ea429bb1f3037ab046111adb0a1b0d40849c3aa6"}
,"C:\\Users\\yagol\\Documents\\projects\\metaphase-react-demo\\src\\orm\\exceptions.ts": {"path":"C:\\Users\\yagol\\Documents\\projects\\metaphase-react-demo\\src\\orm\\exceptions.ts","statementMap":{"0":{"start":{"line":2,"column":16},"end":{"line":11,"column":4}},"1":{"start":{"line":3,"column":24},"end":{"line":5,"column":82}},"2":{"start":{"line":4,"column":65},"end":{"line":4,"column":81}},"3":{"start":{"line":5,"column":26},"end":{"line":5,"column":80}},"4":{"start":{"line":5,"column":43},"end":{"line":5,"column":80}},"5":{"start":{"line":5,"column":68},"end":{"line":5,"column":80}},"6":{"start":{"line":6,"column":4},"end":{"line":10,"column":6}},"7":{"start":{"line":7,"column":8},"end":{"line":7,"column":28}},"8":{"start":{"line":8,"column":24},"end":{"line":8,"column":45}},"9":{"start":{"line":9,"column":8},"end":{"line":9,"column":93}},"10":{"start":{"line":12,"column":0},"end":{"line":12,"column":26}},"11":{"start":{"line":13,"column":40},"end":{"line":32,"column":8}},"12":{"start":{"line":14,"column":4},"end":{"line":14,"column":42}},"13":{"start":{"line":16,"column":20},"end":{"line":16,"column":45}},"14":{"start":{"line":17,"column":8},"end":{"line":17,"column":28}},"15":{"start":{"line":18,"column":8},"end":{"line":18,"column":42}},"16":{"start":{"line":20,"column":8},"end":{"line":25,"column":9}},"17":{"start":{"line":21,"column":12},"end":{"line":21,"column":71}},"18":{"start":{"line":24,"column":12},"end":{"line":24,"column":61}},"19":{"start":{"line":26,"column":18},"end":{"line":27,"column":86}},"20":{"start":{"line":28,"column":8},"end":{"line":28,"column":29}},"21":{"start":{"line":29,"column":8},"end":{"line":29,"column":21}},"22":{"start":{"line":31,"column":4},"end":{"line":31,"column":30}},"23":{"start":{"line":33,"column":0},"end":{"line":33,"column":48}},"24":{"start":{"line":34,"column":42},"end":{"line":43,"column":8}},"25":{"start":{"line":35,"column":4},"end":{"line":35,"column":44}},"26":{"start":{"line":37,"column":20},"end":{"line":37,"column":45}},"27":{"start":{"line":38,"column":18},"end":{"line":38,"column":105}},"28":{"start":{"line":39,"column":8},"end":{"line":39,"column":29}},"29":{"start":{"line":40,"column":8},"end":{"line":40,"column":21}},"30":{"start":{"line":42,"column":4},"end":{"line":42,"column":32}},"31":{"start":{"line":44,"column":0},"end":{"line":44,"column":52}},"32":{"start":{"line":45,"column":39},"end":{"line":54,"column":8}},"33":{"start":{"line":46,"column":4},"end":{"line":46,"column":41}},"34":{"start":{"line":48,"column":20},"end":{"line":48,"column":45}},"35":{"start":{"line":49,"column":18},"end":{"line":49,"column":69}},"36":{"start":{"line":50,"column":8},"end":{"line":50,"column":29}},"37":{"start":{"line":51,"column":8},"end":{"line":51,"column":21}},"38":{"start":{"line":53,"column":4},"end":{"line":53,"column":29}},"39":{"start":{"line":55,"column":0},"end":{"line":55,"column":46}}},"fnMap":{"0":{"name":"(anonymous_0)","decl":{"start":{"line":2,"column":45},"end":{"line":2,"column":46}},"loc":{"start":{"line":2,"column":57},"end":{"line":11,"column":1}},"line":2},"1":{"name":"(anonymous_1)","decl":{"start":{"line":4,"column":47},"end":{"line":4,"column":48}},"loc":{"start":{"line":4,"column":63},"end":{"line":4,"column":83}},"line":4},"2":{"name":"(anonymous_2)","decl":{"start":{"line":5,"column":8},"end":{"line":5,"column":9}},"loc":{"start":{"line":5,"column":24},"end":{"line":5,"column":82}},"line":5},"3":{"name":"(anonymous_3)","decl":{"start":{"line":6,"column":11},"end":{"line":6,"column":12}},"loc":{"start":{"line":6,"column":27},"end":{"line":10,"column":5}},"line":6},"4":{"name":"__","decl":{"start":{"line":8,"column":17},"end":{"line":8,"column":19}},"loc":{"start":{"line":8,"column":22},"end":{"line":8,"column":47}},"line":8},"5":{"name":"(anonymous_5)","decl":{"start":{"line":13,"column":40},"end":{"line":13,"column":41}},"loc":{"start":{"line":13,"column":58},"end":{"line":32,"column":1}},"line":13},"6":{"name":"NotSavedModelError","decl":{"start":{"line":15,"column":13},"end":{"line":15,"column":31}},"loc":{"start":{"line":15,"column":53},"end":{"line":30,"column":5}},"line":15},"7":{"name":"(anonymous_7)","decl":{"start":{"line":34,"column":42},"end":{"line":34,"column":43}},"loc":{"start":{"line":34,"column":60},"end":{"line":43,"column":1}},"line":34},"8":{"name":"InvalidPropTypeError","decl":{"start":{"line":36,"column":13},"end":{"line":36,"column":33}},"loc":{"start":{"line":36,"column":42},"end":{"line":41,"column":5}},"line":36},"9":{"name":"(anonymous_9)","decl":{"start":{"line":45,"column":39},"end":{"line":45,"column":40}},"loc":{"start":{"line":45,"column":57},"end":{"line":54,"column":1}},"line":45},"10":{"name":"InvalidColumnData","decl":{"start":{"line":47,"column":13},"end":{"line":47,"column":30}},"loc":{"start":{"line":47,"column":43},"end":{"line":52,"column":5}},"line":47}},"branchMap":{"0":{"loc":{"start":{"line":2,"column":16},"end":{"line":11,"column":4}},"type":"binary-expr","locations":[{"start":{"line":2,"column":17},"end":{"line":2,"column":21}},{"start":{"line":2,"column":25},"end":{"line":2,"column":39}},{"start":{"line":2,"column":44},"end":{"line":11,"column":4}}],"line":2},"1":{"loc":{"start":{"line":3,"column":24},"end":{"line":5,"column":82}},"type":"binary-expr","locations":[{"start":{"line":3,"column":24},"end":{"line":3,"column":45}},{"start":{"line":4,"column":9},"end":{"line":4,"column":43}},{"start":{"line":4,"column":47},"end":{"line":4,"column":83}},{"start":{"line":5,"column":8},"end":{"line":5,"column":82}}],"line":3},"2":{"loc":{"start":{"line":5,"column":43},"end":{"line":5,"column":80}},"type":"if","locations":[{"start":{"line":5,"column":43},"end":{"line":5,"column":80}},{"start":{"line":5,"column":43},"end":{"line":5,"column":80}}],"line":5},"3":{"loc":{"start":{"line":9,"column":22},"end":{"line":9,"column":92}},"type":"cond-expr","locations":[{"start":{"line":9,"column":35},"end":{"line":9,"column":51}},{"start":{"line":9,"column":55},"end":{"line":9,"column":91}}],"line":9},"4":{"loc":{"start":{"line":16,"column":20},"end":{"line":16,"column":45}},"type":"binary-expr","locations":[{"start":{"line":16,"column":20},"end":{"line":16,"column":37}},{"start":{"line":16,"column":41},"end":{"line":16,"column":45}}],"line":16},"5":{"loc":{"start":{"line":20,"column":8},"end":{"line":25,"column":9}},"type":"if","locations":[{"start":{"line":20,"column":8},"end":{"line":25,"column":9}},{"start":{"line":20,"column":8},"end":{"line":25,"column":9}}],"line":20},"6":{"loc":{"start":{"line":37,"column":20},"end":{"line":37,"column":45}},"type":"binary-expr","locations":[{"start":{"line":37,"column":20},"end":{"line":37,"column":37}},{"start":{"line":37,"column":41},"end":{"line":37,"column":45}}],"line":37},"7":{"loc":{"start":{"line":48,"column":20},"end":{"line":48,"column":45}},"type":"binary-expr","locations":[{"start":{"line":48,"column":20},"end":{"line":48,"column":37}},{"start":{"line":48,"column":41},"end":{"line":48,"column":45}}],"line":48}},"s":{"0":6,"1":6,"2":0,"3":0,"4":0,"5":0,"6":6,"7":18,"8":18,"9":18,"10":6,"11":6,"12":6,"13":1,"14":1,"15":1,"16":1,"17":0,"18":1,"19":1,"20":1,"21":0,"22":6,"23":6,"24":6,"25":6,"26":1,"27":1,"28":1,"29":0,"30":6,"31":6,"32":6,"33":6,"34":0,"35":0,"36":0,"37":0,"38":6,"39":6},"f":{"0":6,"1":0,"2":0,"3":18,"4":18,"5":6,"6":1,"7":6,"8":1,"9":6,"10":0},"b":{"0":[6,6,6],"1":[6,0,0,0],"2":[0,0],"3":[0,18],"4":[1,0],"5":[0,1],"6":[1,0],"7":[0,0]},"_coverageSchema":"332fd63041d2c1bcb487cc26dd0d5f7d97098a6c","hash":"5fbccaa8557e7e1dbec744b0b46d4c4b21eeecb1"}
,"C:\\Users\\yagol\\Documents\\projects\\metaphase-react-demo\\src\\orm\\model.ts": {"path":"C:\\Users\\yagol\\Documents\\projects\\metaphase-react-demo\\src\\orm\\model.ts","statementMap":{"0":{"start":{"line":2,"column":16},"end":{"line":11,"column":4}},"1":{"start":{"line":3,"column":24},"end":{"line":5,"column":82}},"2":{"start":{"line":4,"column":65},"end":{"line":4,"column":81}},"3":{"start":{"line":5,"column":26},"end":{"line":5,"column":80}},"4":{"start":{"line":5,"column":43},"end":{"line":5,"column":80}},"5":{"start":{"line":5,"column":68},"end":{"line":5,"column":80}},"6":{"start":{"line":6,"column":4},"end":{"line":10,"column":6}},"7":{"start":{"line":7,"column":8},"end":{"line":7,"column":28}},"8":{"start":{"line":8,"column":24},"end":{"line":8,"column":45}},"9":{"start":{"line":9,"column":8},"end":{"line":9,"column":93}},"10":{"start":{"line":12,"column":0},"end":{"line":12,"column":26}},"11":{"start":{"line":13,"column":13},"end":{"line":13,"column":30}},"12":{"start":{"line":14,"column":22},"end":{"line":14,"column":48}},"13":{"start":{"line":15,"column":19},"end":{"line":15,"column":42}},"14":{"start":{"line":16,"column":27},"end":{"line":128,"column":14}},"15":{"start":{"line":17,"column":4},"end":{"line":17,"column":29}},"16":{"start":{"line":19,"column":20},"end":{"line":19,"column":45}},"17":{"start":{"line":20,"column":8},"end":{"line":20,"column":36}},"18":{"start":{"line":21,"column":8},"end":{"line":21,"column":21}},"19":{"start":{"line":29,"column":4},"end":{"line":31,"column":6}},"20":{"start":{"line":30,"column":8},"end":{"line":30,"column":36}},"21":{"start":{"line":32,"column":4},"end":{"line":34,"column":6}},"22":{"start":{"line":33,"column":8},"end":{"line":33,"column":37}},"23":{"start":{"line":35,"column":4},"end":{"line":37,"column":6}},"24":{"start":{"line":36,"column":8},"end":{"line":36,"column":59}},"25":{"start":{"line":39,"column":4},"end":{"line":49,"column":6}},"26":{"start":{"line":40,"column":8},"end":{"line":42,"column":9}},"27":{"start":{"line":41,"column":12},"end":{"line":41,"column":64}},"28":{"start":{"line":43,"column":8},"end":{"line":45,"column":9}},"29":{"start":{"line":44,"column":12},"end":{"line":44,"column":67}},"30":{"start":{"line":46,"column":32},"end":{"line":46,"column":63}},"31":{"start":{"line":47,"column":8},"end":{"line":47,"column":43}},"32":{"start":{"line":48,"column":8},"end":{"line":48,"column":20}},"33":{"start":{"line":53,"column":4},"end":{"line":62,"column":6}},"34":{"start":{"line":54,"column":8},"end":{"line":56,"column":9}},"35":{"start":{"line":55,"column":12},"end":{"line":55,"column":67}},"36":{"start":{"line":57,"column":27},"end":{"line":57,"column":54}},"37":{"start":{"line":58,"column":27},"end":{"line":58,"column":68}},"38":{"start":{"line":59,"column":25},"end":{"line":59,"column":43}},"39":{"start":{"line":60,"column":28},"end":{"line":60,"column":93}},"40":{"start":{"line":61,"column":8},"end":{"line":61,"column":86}},"41":{"start":{"line":61,"column":50},"end":{"line":61,"column":82}},"42":{"start":{"line":69,"column":4},"end":{"line":84,"column":6}},"43":{"start":{"line":70,"column":8},"end":{"line":72,"column":9}},"44":{"start":{"line":71,"column":12},"end":{"line":71,"column":67}},"45":{"start":{"line":73,"column":25},"end":{"line":73,"column":52}},"46":{"start":{"line":74,"column":33},"end":{"line":74,"column":63}},"47":{"start":{"line":75,"column":8},"end":{"line":83,"column":9}},"48":{"start":{"line":76,"column":32},"end":{"line":76,"column":106}},"49":{"start":{"line":77,"column":12},"end":{"line":77,"column":90}},"50":{"start":{"line":77,"column":54},"end":{"line":77,"column":86}},"51":{"start":{"line":80,"column":12},"end":{"line":80,"column":111}},"52":{"start":{"line":81,"column":12},"end":{"line":81,"column":37}},"53":{"start":{"line":82,"column":12},"end":{"line":82,"column":22}},"54":{"start":{"line":88,"column":4},"end":{"line":101,"column":6}},"55":{"start":{"line":89,"column":8},"end":{"line":100,"column":9}},"56":{"start":{"line":90,"column":31},"end":{"line":90,"column":45}},"57":{"start":{"line":91,"column":12},"end":{"line":99,"column":13}},"58":{"start":{"line":92,"column":34},"end":{"line":92,"column":67}},"59":{"start":{"line":93,"column":34},"end":{"line":93,"column":71}},"60":{"start":{"line":94,"column":16},"end":{"line":94,"column":39}},"61":{"start":{"line":95,"column":16},"end":{"line":98,"column":17}},"62":{"start":{"line":96,"column":20},"end":{"line":96,"column":59}},"63":{"start":{"line":97,"column":20},"end":{"line":97,"column":52}},"64":{"start":{"line":112,"column":4},"end":{"line":123,"column":6}},"65":{"start":{"line":113,"column":8},"end":{"line":121,"column":11}},"66":{"start":{"line":114,"column":12},"end":{"line":120,"column":13}},"67":{"start":{"line":115,"column":16},"end":{"line":115,"column":104}},"68":{"start":{"line":118,"column":16},"end":{"line":118,"column":41}},"69":{"start":{"line":119,"column":16},"end":{"line":119,"column":33}},"70":{"start":{"line":122,"column":8},"end":{"line":122,"column":21}},"71":{"start":{"line":124,"column":4},"end":{"line":126,"column":6}},"72":{"start":{"line":125,"column":8},"end":{"line":125,"column":42}},"73":{"start":{"line":127,"column":4},"end":{"line":127,"column":17}},"74":{"start":{"line":129,"column":0},"end":{"line":129,"column":22}}},"fnMap":{"0":{"name":"(anonymous_0)","decl":{"start":{"line":2,"column":45},"end":{"line":2,"column":46}},"loc":{"start":{"line":2,"column":57},"end":{"line":11,"column":1}},"line":2},"1":{"name":"(anonymous_1)","decl":{"start":{"line":4,"column":47},"end":{"line":4,"column":48}},"loc":{"start":{"line":4,"column":63},"end":{"line":4,"column":83}},"line":4},"2":{"name":"(anonymous_2)","decl":{"start":{"line":5,"column":8},"end":{"line":5,"column":9}},"loc":{"start":{"line":5,"column":24},"end":{"line":5,"column":82}},"line":5},"3":{"name":"(anonymous_3)","decl":{"start":{"line":6,"column":11},"end":{"line":6,"column":12}},"loc":{"start":{"line":6,"column":27},"end":{"line":10,"column":5}},"line":6},"4":{"name":"__","decl":{"start":{"line":8,"column":17},"end":{"line":8,"column":19}},"loc":{"start":{"line":8,"column":22},"end":{"line":8,"column":47}},"line":8},"5":{"name":"(anonymous_5)","decl":{"start":{"line":16,"column":27},"end":{"line":16,"column":28}},"loc":{"start":{"line":16,"column":45},"end":{"line":128,"column":1}},"line":16},"6":{"name":"Model","decl":{"start":{"line":18,"column":13},"end":{"line":18,"column":18}},"loc":{"start":{"line":18,"column":26},"end":{"line":22,"column":5}},"line":18},"7":{"name":"(anonymous_7)","decl":{"start":{"line":29,"column":19},"end":{"line":29,"column":20}},"loc":{"start":{"line":29,"column":47},"end":{"line":31,"column":5}},"line":29},"8":{"name":"(anonymous_8)","decl":{"start":{"line":32,"column":30},"end":{"line":32,"column":31}},"loc":{"start":{"line":32,"column":42},"end":{"line":34,"column":5}},"line":32},"9":{"name":"(anonymous_9)","decl":{"start":{"line":35,"column":46},"end":{"line":35,"column":47}},"loc":{"start":{"line":35,"column":58},"end":{"line":37,"column":5}},"line":35},"10":{"name":"(anonymous_10)","decl":{"start":{"line":39,"column":32},"end":{"line":39,"column":33}},"loc":{"start":{"line":39,"column":49},"end":{"line":49,"column":5}},"line":39},"11":{"name":"(anonymous_11)","decl":{"start":{"line":53,"column":32},"end":{"line":53,"column":33}},"loc":{"start":{"line":53,"column":49},"end":{"line":62,"column":5}},"line":53},"12":{"name":"(anonymous_12)","decl":{"start":{"line":61,"column":33},"end":{"line":61,"column":34}},"loc":{"start":{"line":61,"column":48},"end":{"line":61,"column":84}},"line":61},"13":{"name":"(anonymous_13)","decl":{"start":{"line":69,"column":34},"end":{"line":69,"column":35}},"loc":{"start":{"line":69,"column":51},"end":{"line":84,"column":5}},"line":69},"14":{"name":"(anonymous_14)","decl":{"start":{"line":77,"column":37},"end":{"line":77,"column":38}},"loc":{"start":{"line":77,"column":52},"end":{"line":77,"column":88}},"line":77},"15":{"name":"(anonymous_15)","decl":{"start":{"line":88,"column":37},"end":{"line":88,"column":38}},"loc":{"start":{"line":88,"column":49},"end":{"line":101,"column":5}},"line":88},"16":{"name":"(anonymous_16)","decl":{"start":{"line":112,"column":30},"end":{"line":112,"column":31}},"loc":{"start":{"line":112,"column":47},"end":{"line":123,"column":5}},"line":112},"17":{"name":"(anonymous_17)","decl":{"start":{"line":113,"column":55},"end":{"line":113,"column":56}},"loc":{"start":{"line":113,"column":79},"end":{"line":121,"column":9}},"line":113},"18":{"name":"(anonymous_18)","decl":{"start":{"line":124,"column":34},"end":{"line":124,"column":35}},"loc":{"start":{"line":124,"column":46},"end":{"line":126,"column":5}},"line":124}},"branchMap":{"0":{"loc":{"start":{"line":2,"column":16},"end":{"line":11,"column":4}},"type":"binary-expr","locations":[{"start":{"line":2,"column":17},"end":{"line":2,"column":21}},{"start":{"line":2,"column":25},"end":{"line":2,"column":39}},{"start":{"line":2,"column":44},"end":{"line":11,"column":4}}],"line":2},"1":{"loc":{"start":{"line":3,"column":24},"end":{"line":5,"column":82}},"type":"binary-expr","locations":[{"start":{"line":3,"column":24},"end":{"line":3,"column":45}},{"start":{"line":4,"column":9},"end":{"line":4,"column":43}},{"start":{"line":4,"column":47},"end":{"line":4,"column":83}},{"start":{"line":5,"column":8},"end":{"line":5,"column":82}}],"line":3},"2":{"loc":{"start":{"line":5,"column":43},"end":{"line":5,"column":80}},"type":"if","locations":[{"start":{"line":5,"column":43},"end":{"line":5,"column":80}},{"start":{"line":5,"column":43},"end":{"line":5,"column":80}}],"line":5},"3":{"loc":{"start":{"line":9,"column":22},"end":{"line":9,"column":92}},"type":"cond-expr","locations":[{"start":{"line":9,"column":35},"end":{"line":9,"column":51}},{"start":{"line":9,"column":55},"end":{"line":9,"column":91}}],"line":9},"4":{"loc":{"start":{"line":19,"column":20},"end":{"line":19,"column":45}},"type":"binary-expr","locations":[{"start":{"line":19,"column":20},"end":{"line":19,"column":37}},{"start":{"line":19,"column":41},"end":{"line":19,"column":45}}],"line":19},"5":{"loc":{"start":{"line":40,"column":8},"end":{"line":42,"column":9}},"type":"if","locations":[{"start":{"line":40,"column":8},"end":{"line":42,"column":9}},{"start":{"line":40,"column":8},"end":{"line":42,"column":9}}],"line":40},"6":{"loc":{"start":{"line":43,"column":8},"end":{"line":45,"column":9}},"type":"if","locations":[{"start":{"line":43,"column":8},"end":{"line":45,"column":9}},{"start":{"line":43,"column":8},"end":{"line":45,"column":9}}],"line":43},"7":{"loc":{"start":{"line":54,"column":8},"end":{"line":56,"column":9}},"type":"if","locations":[{"start":{"line":54,"column":8},"end":{"line":56,"column":9}},{"start":{"line":54,"column":8},"end":{"line":56,"column":9}}],"line":54},"8":{"loc":{"start":{"line":70,"column":8},"end":{"line":72,"column":9}},"type":"if","locations":[{"start":{"line":70,"column":8},"end":{"line":72,"column":9}},{"start":{"line":70,"column":8},"end":{"line":72,"column":9}}],"line":70},"9":{"loc":{"start":{"line":89,"column":8},"end":{"line":100,"column":9}},"type":"if","locations":[{"start":{"line":89,"column":8},"end":{"line":100,"column":9}},{"start":{"line":89,"column":8},"end":{"line":100,"column":9}}],"line":89},"10":{"loc":{"start":{"line":113,"column":8},"end":{"line":121,"column":10}},"type":"binary-expr","locations":[{"start":{"line":113,"column":8},"end":{"line":113,"column":27}},{"start":{"line":113,"column":31},"end":{"line":121,"column":10}}],"line":113}},"s":{"0":6,"1":6,"2":0,"3":0,"4":0,"5":0,"6":6,"7":6,"8":6,"9":6,"10":6,"11":6,"12":6,"13":6,"14":6,"15":6,"16":86,"17":86,"18":86,"19":6,"20":41,"21":6,"22":75,"23":6,"24":33,"25":6,"26":14,"27":0,"28":14,"29":1,"30":13,"31":13,"32":13,"33":6,"34":1,"35":0,"36":1,"37":1,"38":1,"39":1,"40":1,"41":1,"42":6,"43":19,"44":0,"45":19,"46":19,"47":19,"48":19,"49":19,"50":18,"51":0,"52":0,"53":0,"54":6,"55":21,"56":15,"57":15,"58":15,"59":15,"60":15,"61":15,"62":13,"63":13,"64":6,"65":0,"66":0,"67":0,"68":0,"69":0,"70":0,"71":6,"72":0,"73":6,"74":6},"f":{"0":6,"1":0,"2":0,"3":6,"4":6,"5":6,"6":86,"7":41,"8":75,"9":33,"10":14,"11":1,"12":1,"13":19,"14":18,"15":21,"16":0,"17":0,"18":0},"b":{"0":[6,6,6],"1":[6,0,0,0],"2":[0,0],"3":[0,6],"4":[86,86],"5":[0,14],"6":[1,13],"7":[0,1],"8":[0,19],"9":[15,6],"10":[0,0]},"_coverageSchema":"332fd63041d2c1bcb487cc26dd0d5f7d97098a6c","hash":"c8a0f3ed95614c21767b459f487ec7196c8b5180"}
,"C:\\Users\\yagol\\Documents\\projects\\metaphase-react-demo\\src\\orm\\query.builder.ts": {"path":"C:\\Users\\yagol\\Documents\\projects\\metaphase-react-demo\\src\\orm\\query.builder.ts","statementMap":{"0":{"start":{"line":2,"column":0},"end":{"line":2,"column":26}},"1":{"start":{"line":3,"column":11},"end":{"line":3,"column":26}},"2":{"start":{"line":4,"column":17},"end":{"line":4,"column":38}},"3":{"start":{"line":6,"column":0},"end":{"line":6,"column":29}},"4":{"start":{"line":7,"column":0},"end":{"line":18,"column":1}},"5":{"start":{"line":12,"column":4},"end":{"line":17,"column":7}},"6":{"start":{"line":19,"column":0},"end":{"line":32,"column":1}},"7":{"start":{"line":20,"column":19},"end":{"line":20,"column":39}},"8":{"start":{"line":25,"column":4},"end":{"line":30,"column":7}},"9":{"start":{"line":31,"column":4},"end":{"line":31,"column":32}},"10":{"start":{"line":39,"column":0},"end":{"line":41,"column":2}},"11":{"start":{"line":40,"column":4},"end":{"line":40,"column":41}},"12":{"start":{"line":46,"column":0},"end":{"line":48,"column":2}},"13":{"start":{"line":47,"column":4},"end":{"line":47,"column":44}}},"fnMap":{"0":{"name":"(anonymous_0)","decl":{"start":{"line":39,"column":31},"end":{"line":39,"column":32}},"loc":{"start":{"line":39,"column":43},"end":{"line":41,"column":1}},"line":39},"1":{"name":"(anonymous_1)","decl":{"start":{"line":46,"column":34},"end":{"line":46,"column":35}},"loc":{"start":{"line":46,"column":46},"end":{"line":48,"column":1}},"line":46}},"branchMap":{"0":{"loc":{"start":{"line":7,"column":0},"end":{"line":18,"column":1}},"type":"if","locations":[{"start":{"line":7,"column":0},"end":{"line":18,"column":1}},{"start":{"line":7,"column":0},"end":{"line":18,"column":1}}],"line":7},"1":{"loc":{"start":{"line":19,"column":0},"end":{"line":32,"column":1}},"type":"if","locations":[{"start":{"line":19,"column":0},"end":{"line":32,"column":1}},{"start":{"line":19,"column":0},"end":{"line":32,"column":1}}],"line":19}},"s":{"0":6,"1":6,"2":6,"3":6,"4":6,"5":0,"6":6,"7":6,"8":6,"9":6,"10":6,"11":80,"12":6,"13":0},"f":{"0":80,"1":0},"b":{"0":[0,6],"1":[6,0]},"_coverageSchema":"332fd63041d2c1bcb487cc26dd0d5f7d97098a6c","hash":"72ee351b4bd2976e1f09204ab47b8fc7ff5c46c4"}
,"C:\\Users\\yagol\\Documents\\projects\\metaphase-react-demo\\src\\orm\\types.ts": {"path":"C:\\Users\\yagol\\Documents\\projects\\metaphase-react-demo\\src\\orm\\types.ts","statementMap":{"0":{"start":{"line":2,"column":0},"end":{"line":2,"column":26}},"1":{"start":{"line":4,"column":0},"end":{"line":13,"column":53}},"2":{"start":{"line":5,"column":4},"end":{"line":5,"column":34}},"3":{"start":{"line":6,"column":4},"end":{"line":6,"column":28}},"4":{"start":{"line":7,"column":4},"end":{"line":7,"column":34}},"5":{"start":{"line":8,"column":4},"end":{"line":8,"column":33}},"6":{"start":{"line":9,"column":4},"end":{"line":9,"column":28}},"7":{"start":{"line":10,"column":4},"end":{"line":10,"column":31}},"8":{"start":{"line":11,"column":4},"end":{"line":11,"column":28}},"9":{"start":{"line":12,"column":4},"end":{"line":12,"column":28}}},"fnMap":{"0":{"name":"(anonymous_0)","decl":{"start":{"line":4,"column":1},"end":{"line":4,"column":2}},"loc":{"start":{"line":4,"column":19},"end":{"line":13,"column":1}},"line":4}},"branchMap":{"0":{"loc":{"start":{"line":13,"column":12},"end":{"line":13,"column":51}},"type":"binary-expr","locations":[{"start":{"line":13,"column":12},"end":{"line":13,"column":26}},{"start":{"line":13,"column":31},"end":{"line":13,"column":50}}],"line":13}},"s":{"0":6,"1":6,"2":6,"3":6,"4":6,"5":6,"6":6,"7":6,"8":6,"9":6},"f":{"0":6},"b":{"0":[6,6]},"_coverageSchema":"332fd63041d2c1bcb487cc26dd0d5f7d97098a6c","hash":"00fa0c0e3f02f4d594913bf05a5a1107977b2ebc"}
,"C:\\Users\\yagol\\Documents\\projects\\metaphase-react-demo\\src\\orm\\yago.logger.ts": {"path":"C:\\Users\\yagol\\Documents\\projects\\metaphase-react-demo\\src\\orm\\yago.logger.ts","statementMap":{"0":{"start":{"line":4,"column":0},"end":{"line":4,"column":26}},"1":{"start":{"line":7,"column":24},"end":{"line":7,"column":31}},"2":{"start":{"line":13,"column":0},"end":{"line":18,"column":2}},"3":{"start":{"line":14,"column":4},"end":{"line":14,"column":72}},"4":{"start":{"line":15,"column":16},"end":{"line":15,"column":62}},"5":{"start":{"line":16,"column":18},"end":{"line":16,"column":45}},"6":{"start":{"line":17,"column":4},"end":{"line":17,"column":86}},"7":{"start":{"line":27,"column":13},"end":{"line":27,"column":58}},"8":{"start":{"line":28,"column":20},"end":{"line":28,"column":55}},"9":{"start":{"line":29,"column":4},"end":{"line":34,"column":5}},"10":{"start":{"line":30,"column":8},"end":{"line":30,"column":64}},"11":{"start":{"line":33,"column":8},"end":{"line":33,"column":51}},"12":{"start":{"line":36,"column":0},"end":{"line":36,"column":64}},"13":{"start":{"line":38,"column":18},"end":{"line":38,"column":51}},"14":{"start":{"line":39,"column":0},"end":{"line":39,"column":47}},"15":{"start":{"line":45,"column":4},"end":{"line":45,"column":28}},"16":{"start":{"line":46,"column":4},"end":{"line":46,"column":34}},"17":{"start":{"line":47,"column":4},"end":{"line":47,"column":36}},"18":{"start":{"line":48,"column":4},"end":{"line":48,"column":35}},"19":{"start":{"line":50,"column":0},"end":{"line":50,"column":40}},"20":{"start":{"line":51,"column":0},"end":{"line":53,"column":1}},"21":{"start":{"line":52,"column":4},"end":{"line":52,"column":21}},"22":{"start":{"line":59,"column":0},"end":{"line":63,"column":2}},"23":{"start":{"line":72,"column":4},"end":{"line":82,"column":5}},"24":{"start":{"line":73,"column":23},"end":{"line":73,"column":46}},"25":{"start":{"line":74,"column":8},"end":{"line":74,"column":42}},"26":{"start":{"line":76,"column":9},"end":{"line":82,"column":5}},"27":{"start":{"line":77,"column":23},"end":{"line":77,"column":48}},"28":{"start":{"line":78,"column":8},"end":{"line":78,"column":49}},"29":{"start":{"line":81,"column":8},"end":{"line":81,"column":40}},"30":{"start":{"line":84,"column":0},"end":{"line":84,"column":28}},"31":{"start":{"line":91,"column":4},"end":{"line":91,"column":36}},"32":{"start":{"line":93,"column":0},"end":{"line":93,"column":18}}},"fnMap":{"0":{"name":"(anonymous_0)","decl":{"start":{"line":13,"column":26},"end":{"line":13,"column":27}},"loc":{"start":{"line":13,"column":47},"end":{"line":18,"column":1}},"line":13},"1":{"name":"updateQueryStringParameter","decl":{"start":{"line":26,"column":9},"end":{"line":26,"column":35}},"loc":{"start":{"line":26,"column":53},"end":{"line":35,"column":1}},"line":26},"2":{"name":"disableConsole","decl":{"start":{"line":44,"column":9},"end":{"line":44,"column":23}},"loc":{"start":{"line":44,"column":26},"end":{"line":49,"column":1}},"line":44},"3":{"name":"(anonymous_3)","decl":{"start":{"line":46,"column":18},"end":{"line":46,"column":19}},"loc":{"start":{"line":46,"column":30},"end":{"line":46,"column":33}},"line":46},"4":{"name":"(anonymous_4)","decl":{"start":{"line":47,"column":20},"end":{"line":47,"column":21}},"loc":{"start":{"line":47,"column":32},"end":{"line":47,"column":35}},"line":47},"5":{"name":"(anonymous_5)","decl":{"start":{"line":48,"column":19},"end":{"line":48,"column":20}},"loc":{"start":{"line":48,"column":31},"end":{"line":48,"column":34}},"line":48},"6":{"name":"logQuery","decl":{"start":{"line":71,"column":9},"end":{"line":71,"column":17}},"loc":{"start":{"line":71,"column":31},"end":{"line":83,"column":1}},"line":71},"7":{"name":"log","decl":{"start":{"line":90,"column":9},"end":{"line":90,"column":12}},"loc":{"start":{"line":90,"column":26},"end":{"line":92,"column":1}},"line":90}},"branchMap":{"0":{"loc":{"start":{"line":17,"column":11},"end":{"line":17,"column":85}},"type":"cond-expr","locations":[{"start":{"line":17,"column":30},"end":{"line":17,"column":32}},{"start":{"line":17,"column":35},"end":{"line":17,"column":85}}],"line":17},"1":{"loc":{"start":{"line":28,"column":20},"end":{"line":28,"column":55}},"type":"cond-expr","locations":[{"start":{"line":28,"column":46},"end":{"line":28,"column":49}},{"start":{"line":28,"column":52},"end":{"line":28,"column":55}}],"line":28},"2":{"loc":{"start":{"line":29,"column":4},"end":{"line":34,"column":5}},"type":"if","locations":[{"start":{"line":29,"column":4},"end":{"line":34,"column":5}},{"start":{"line":29,"column":4},"end":{"line":34,"column":5}}],"line":29},"3":{"loc":{"start":{"line":39,"column":14},"end":{"line":39,"column":46}},"type":"binary-expr","locations":[{"start":{"line":39,"column":14},"end":{"line":39,"column":25}},{"start":{"line":39,"column":29},"end":{"line":39,"column":46}}],"line":39},"4":{"loc":{"start":{"line":45,"column":14},"end":{"line":45,"column":27}},"type":"binary-expr","locations":[{"start":{"line":45,"column":14},"end":{"line":45,"column":21}},{"start":{"line":45,"column":25},"end":{"line":45,"column":27}}],"line":45},"5":{"loc":{"start":{"line":51,"column":0},"end":{"line":53,"column":1}},"type":"if","locations":[{"start":{"line":51,"column":0},"end":{"line":53,"column":1}},{"start":{"line":51,"column":0},"end":{"line":53,"column":1}}],"line":51},"6":{"loc":{"start":{"line":72,"column":4},"end":{"line":82,"column":5}},"type":"if","locations":[{"start":{"line":72,"column":4},"end":{"line":82,"column":5}},{"start":{"line":72,"column":4},"end":{"line":82,"column":5}}],"line":72},"7":{"loc":{"start":{"line":76,"column":9},"end":{"line":82,"column":5}},"type":"if","locations":[{"start":{"line":76,"column":9},"end":{"line":82,"column":5}},{"start":{"line":76,"column":9},"end":{"line":82,"column":5}}],"line":76}},"s":{"0":6,"1":6,"2":6,"3":6,"4":6,"5":6,"6":6,"7":0,"8":0,"9":0,"10":0,"11":0,"12":6,"13":6,"14":6,"15":12,"16":12,"17":12,"18":12,"19":6,"20":6,"21":6,"22":6,"23":149,"24":109,"25":109,"26":40,"27":40,"28":40,"29":0,"30":6,"31":0,"32":6},"f":{"0":6,"1":0,"2":12,"3":189,"4":16,"5":2,"6":149,"7":0},"b":{"0":[6,0],"1":[0,0],"2":[0,0],"3":[6,6],"4":[12,0],"5":[6,0],"6":[109,40],"7":[40,0]},"_coverageSchema":"332fd63041d2c1bcb487cc26dd0d5f7d97098a6c","hash":"d91ec4a4de4d1413d1900a68203f36964ac0d5d1"}
}
