TN:
SF:C:\Users\yagol\Documents\projects\metaphase-react-demo\src\orm\base.ts
FN:7,(anonymous_0)
FN:8,Base
FN:10,(anonymous_2)
FN:20,(anonymous_3)
FN:26,(anonymous_4)
FN:30,(anonymous_5)
FN:42,(anonymous_6)
FNF:7
FNH:7
FNDA:6,(anonymous_0)
FNDA:99,Base
FNDA:130,(anonymous_2)
FNDA:38,(anonymous_3)
FNDA:1,(anonymous_4)
FNDA:39,(anonymous_5)
FNDA:3,(anonymous_6)
DA:2,6
DA:3,6
DA:4,6
DA:5,6
DA:6,6
DA:7,6
DA:10,6
DA:12,130
DA:13,54
DA:16,76
DA:18,130
DA:20,6
DA:21,38
DA:22,38
DA:23,36
DA:24,36
DA:26,6
DA:27,1
DA:28,1
DA:30,6
DA:31,39
DA:33,39
DA:34,1
DA:37,38
DA:39,37
DA:40,37
DA:42,6
DA:43,3
DA:44,3
DA:45,3
DA:46,3
DA:47,3
DA:48,3
DA:50,6
DA:52,6
LF:35
LH:35
BRDA:12,0,0,54
BRDA:12,0,1,76
BRDA:21,1,0,38
BRDA:21,1,1,0
BRDA:31,2,0,39
BRDA:31,2,1,23
BRDA:33,3,0,1
BRDA:33,3,1,38
BRDA:39,4,0,37
BRDA:39,4,1,37
BRDA:43,5,0,3
BRDA:43,5,1,2
BRF:12
BRH:11
end_of_record
TN:
SF:C:\Users\yagol\Documents\projects\metaphase-react-demo\src\orm\collection.ts
FN:12,(anonymous_0)
FN:14,(anonymous_1)
FN:15,(anonymous_2)
FN:16,(anonymous_3)
FN:18,__
FN:33,(anonymous_5)
FN:35,Collection
FN:44,(anonymous_7)
FN:47,(anonymous_8)
FN:53,(anonymous_9)
FN:59,(anonymous_10)
FN:68,(anonymous_11)
FN:74,(anonymous_12)
FN:80,(anonymous_13)
FN:87,(anonymous_14)
FN:99,(anonymous_15)
FN:108,(anonymous_16)
FN:115,(anonymous_17)
FN:124,(anonymous_18)
FN:131,(anonymous_19)
FN:134,(anonymous_20)
FN:151,(anonymous_21)
FN:162,(anonymous_22)
FN:169,(anonymous_23)
FN:178,(anonymous_24)
FN:187,(anonymous_25)
FNF:26
FNH:24
FNDA:6,(anonymous_0)
FNDA:0,(anonymous_1)
FNDA:0,(anonymous_2)
FNDA:6,(anonymous_3)
FNDA:6,__
FNDA:6,(anonymous_5)
FNDA:13,Collection
FNDA:13,(anonymous_7)
FNDA:13,(anonymous_8)
FNDA:13,(anonymous_9)
FNDA:37,(anonymous_10)
FNDA:17,(anonymous_11)
FNDA:2,(anonymous_12)
FNDA:3,(anonymous_13)
FNDA:3,(anonymous_14)
FNDA:9,(anonymous_15)
FNDA:1,(anonymous_16)
FNDA:5,(anonymous_17)
FNDA:2,(anonymous_18)
FNDA:13,(anonymous_19)
FNDA:10,(anonymous_20)
FNDA:10,(anonymous_21)
FNDA:5,(anonymous_22)
FNDA:4,(anonymous_23)
FNDA:9,(anonymous_24)
FNDA:1,(anonymous_25)
DA:12,6
DA:13,6
DA:14,0
DA:15,0
DA:16,6
DA:17,6
DA:18,6
DA:19,6
DA:22,6
DA:23,6
DA:24,6
DA:25,6
DA:26,6
DA:27,6
DA:28,6
DA:33,6
DA:34,6
DA:36,13
DA:37,13
DA:38,13
DA:39,10
DA:41,13
DA:42,13
DA:44,6
DA:45,13
DA:46,13
DA:48,13
DA:50,13
DA:53,6
DA:54,13
DA:55,13
DA:56,40
DA:59,6
DA:60,37
DA:61,37
DA:68,6
DA:69,17
DA:70,19
DA:72,17
DA:74,6
DA:75,2
DA:76,2
DA:77,2
DA:78,2
DA:79,2
DA:80,3
DA:81,1
DA:84,1
DA:87,6
DA:88,3
DA:89,3
DA:90,3
DA:91,3
DA:92,3
DA:93,1
DA:95,3
DA:99,6
DA:100,9
DA:101,9
DA:104,9
DA:105,9
DA:106,9
DA:107,1
DA:108,1
DA:109,1
DA:112,8
DA:115,6
DA:116,5
DA:117,5
DA:120,5
DA:121,5
DA:122,5
DA:123,2
DA:124,2
DA:125,2
DA:128,3
DA:131,6
DA:132,13
DA:134,6
DA:135,10
DA:136,10
DA:137,10
DA:144,10
DA:146,10
DA:147,10
DA:148,10
DA:149,10
DA:151,6
DA:152,10
DA:153,10
DA:154,10
DA:162,6
DA:163,5
DA:169,6
DA:170,4
DA:178,6
DA:179,9
DA:180,9
DA:187,6
DA:188,1
DA:190,6
DA:192,6
LF:102
LH:100
BRDA:12,0,0,6
BRDA:12,0,1,6
BRDA:12,0,2,6
BRDA:13,1,0,6
BRDA:13,1,1,0
BRDA:13,1,2,0
BRDA:13,1,3,0
BRDA:15,2,0,0
BRDA:15,2,1,0
BRDA:19,3,0,0
BRDA:19,3,1,6
BRDA:36,4,0,13
BRDA:36,4,1,13
BRDA:38,5,0,10
BRDA:38,5,1,3
BRDA:61,6,0,37
BRDA:61,6,1,37
BRDA:75,7,0,1
BRDA:75,7,1,1
BRDA:79,8,0,1
BRDA:79,8,1,1
BRDA:88,9,0,1
BRDA:88,9,1,2
BRDA:92,10,0,1
BRDA:92,10,1,2
BRDA:100,11,0,6
BRDA:100,11,1,3
BRDA:101,12,0,7
BRDA:101,12,1,2
BRDA:106,13,0,1
BRDA:106,13,1,8
BRDA:116,14,0,1
BRDA:116,14,1,4
BRDA:117,15,0,2
BRDA:117,15,1,3
BRDA:122,16,0,2
BRDA:122,16,1,3
BRF:37
BRH:31
end_of_record
TN:
SF:C:\Users\yagol\Documents\projects\metaphase-react-demo\src\orm\column.ts
FN:9,(anonymous_0)
FN:16,(anonymous_1)
FN:20,Column
FN:41,(anonymous_3)
FN:59,(anonymous_4)
FN:82,(anonymous_5)
FN:90,(anonymous_6)
FN:98,(anonymous_7)
FNF:8
FNH:6
FNDA:6,(anonymous_0)
FNDA:6,(anonymous_1)
FNDA:53,Column
FNDA:7,(anonymous_3)
FNDA:40,(anonymous_4)
FNDA:6,(anonymous_5)
FNDA:0,(anonymous_6)
FNDA:0,(anonymous_7)
DA:6,6
DA:7,6
DA:9,6
DA:10,6
DA:11,6
DA:12,6
DA:13,6
DA:14,6
DA:16,6
DA:21,53
DA:22,53
DA:23,53
DA:24,53
DA:25,53
DA:26,53
DA:27,53
DA:28,53
DA:29,53
DA:30,53
DA:41,6
DA:42,7
DA:43,0
DA:45,7
DA:46,0
DA:48,7
DA:59,6
DA:61,40
DA:62,40
DA:63,40
DA:64,40
DA:65,40
DA:66,0
DA:68,40
DA:69,7
DA:71,40
DA:72,13
DA:74,40
DA:75,6
DA:77,40
DA:78,0
DA:80,40
DA:82,6
DA:83,6
DA:84,0
DA:87,6
DA:90,6
DA:91,0
DA:92,0
DA:95,0
DA:98,6
DA:99,0
DA:101,6
DA:103,6
LF:53
LH:44
BRDA:15,0,0,6
BRDA:15,0,1,6
BRDA:42,1,0,0
BRDA:42,1,1,7
BRDA:45,2,0,0
BRDA:45,2,1,7
BRDA:64,3,0,40
BRDA:64,3,1,0
BRDA:65,4,0,0
BRDA:65,4,1,40
BRDA:65,5,0,40
BRDA:65,5,1,40
BRDA:66,6,0,0
BRDA:66,6,1,0
BRDA:68,7,0,7
BRDA:68,7,1,33
BRDA:71,8,0,13
BRDA:71,8,1,27
BRDA:74,9,0,6
BRDA:74,9,1,34
BRDA:77,10,0,0
BRDA:77,10,1,40
BRDA:80,11,0,40
BRDA:80,11,1,21
BRDA:83,12,0,0
BRDA:83,12,1,6
BRDA:91,13,0,0
BRDA:91,13,1,0
BRF:28
BRH:18
end_of_record
TN:
SF:C:\Users\yagol\Documents\projects\metaphase-react-demo\src\orm\database.ts
FN:11,(anonymous_0)
FN:14,(anonymous_1)
FN:19,(anonymous_2)
FN:23,(anonymous_3)
FN:31,(anonymous_4)
FN:35,(anonymous_5)
FN:41,(anonymous_6)
FN:44,(anonymous_7)
FN:47,(anonymous_8)
FN:49,(anonymous_9)
FN:53,(anonymous_10)
FN:70,(anonymous_11)
FN:74,(anonymous_12)
FNF:13
FNH:5
FNDA:0,(anonymous_0)
FNDA:15,(anonymous_1)
FNDA:91,(anonymous_2)
FNDA:129,(anonymous_3)
FNDA:0,(anonymous_4)
FNDA:38,(anonymous_5)
FNDA:1,(anonymous_6)
FNDA:0,(anonymous_7)
FNDA:0,(anonymous_8)
FNDA:0,(anonymous_9)
FNDA:0,(anonymous_10)
FNDA:0,(anonymous_11)
FNDA:0,(anonymous_12)
DA:2,6
DA:3,6
DA:4,6
DA:5,6
DA:10,6
DA:11,6
DA:12,0
DA:14,6
DA:15,15
DA:16,15
DA:17,15
DA:19,6
DA:20,91
DA:21,91
DA:23,6
DA:24,129
DA:25,129
DA:26,100
DA:28,127
DA:29,127
DA:31,6
DA:32,0
DA:33,0
DA:35,6
DA:36,38
DA:37,38
DA:38,38
DA:39,38
DA:41,6
DA:42,1
DA:44,6
DA:45,0
DA:47,6
DA:48,0
DA:50,0
DA:51,0
DA:54,0
DA:55,0
DA:56,0
DA:57,0
DA:58,0
DA:59,0
DA:62,0
DA:64,0
DA:65,0
DA:66,0
DA:67,0
DA:68,0
DA:71,0
DA:74,6
DA:75,0
DA:76,0
DA:79,0
DA:80,0
DA:82,0
DA:83,0
DA:84,0
DA:85,0
DA:87,6
LF:59
LH:31
BRDA:33,0,0,0
BRDA:33,0,1,0
BRDA:50,1,0,0
BRDA:50,1,1,0
BRDA:54,2,0,0
BRDA:54,2,1,0
BRF:6
BRH:0
end_of_record
TN:
SF:C:\Users\yagol\Documents\projects\metaphase-react-demo\src\orm\decorators.ts
FN:7,column
FN:8,(anonymous_1)
FN:50,getDBTypeFromPropType
FNF:3
FNH:1
FNDA:0,column
FNDA:0,(anonymous_1)
FNDA:4,getDBTypeFromPropType
DA:2,1
DA:3,1
DA:4,1
DA:5,1
DA:6,1
DA:8,0
DA:10,0
DA:11,0
DA:15,0
DA:16,0
DA:19,0
DA:21,0
DA:31,1
DA:51,4
DA:53,4
DA:54,1
DA:56,3
DA:57,1
DA:59,2
DA:60,1
DA:63,1
DA:65,3
DA:67,1
LF:23
LH:16
BRDA:11,0,0,0
BRDA:11,0,1,0
BRDA:15,1,0,0
BRDA:15,1,1,0
BRDA:23,2,0,0
BRDA:23,2,1,0
BRDA:23,2,2,0
BRDA:24,3,0,0
BRDA:24,3,1,0
BRDA:25,4,0,0
BRDA:25,4,1,0
BRDA:26,5,0,0
BRDA:26,5,1,0
BRDA:27,6,0,0
BRDA:27,6,1,0
BRDA:51,7,0,4
BRDA:51,7,1,4
BRDA:53,8,0,1
BRDA:53,8,1,3
BRDA:56,9,0,1
BRDA:56,9,1,2
BRDA:59,10,0,1
BRDA:59,10,1,1
BRF:23
BRH:8
end_of_record
TN:
SF:C:\Users\yagol\Documents\projects\metaphase-react-demo\src\orm\exceptions.ts
FN:2,(anonymous_0)
FN:4,(anonymous_1)
FN:5,(anonymous_2)
FN:6,(anonymous_3)
FN:8,__
FN:13,(anonymous_5)
FN:15,NotSavedModelError
FN:34,(anonymous_7)
FN:36,InvalidPropTypeError
FN:45,(anonymous_9)
FN:47,InvalidColumnData
FNF:11
FNH:8
FNDA:6,(anonymous_0)
FNDA:0,(anonymous_1)
FNDA:0,(anonymous_2)
FNDA:18,(anonymous_3)
FNDA:18,__
FNDA:6,(anonymous_5)
FNDA:1,NotSavedModelError
FNDA:6,(anonymous_7)
FNDA:1,InvalidPropTypeError
FNDA:6,(anonymous_9)
FNDA:0,InvalidColumnData
DA:2,6
DA:3,6
DA:4,0
DA:5,0
DA:6,6
DA:7,18
DA:8,18
DA:9,18
DA:12,6
DA:13,6
DA:14,6
DA:16,1
DA:17,1
DA:18,1
DA:20,1
DA:21,0
DA:24,1
DA:26,1
DA:28,1
DA:29,0
DA:31,6
DA:33,6
DA:34,6
DA:35,6
DA:37,1
DA:38,1
DA:39,1
DA:40,0
DA:42,6
DA:44,6
DA:45,6
DA:46,6
DA:48,0
DA:49,0
DA:50,0
DA:51,0
DA:53,6
DA:55,6
LF:38
LH:29
BRDA:2,0,0,6
BRDA:2,0,1,6
BRDA:2,0,2,6
BRDA:3,1,0,6
BRDA:3,1,1,0
BRDA:3,1,2,0
BRDA:3,1,3,0
BRDA:5,2,0,0
BRDA:5,2,1,0
BRDA:9,3,0,0
BRDA:9,3,1,18
BRDA:16,4,0,1
BRDA:16,4,1,0
BRDA:20,5,0,0
BRDA:20,5,1,1
BRDA:37,6,0,1
BRDA:37,6,1,0
BRDA:48,7,0,0
BRDA:48,7,1,0
BRF:19
BRH:8
end_of_record
TN:
SF:C:\Users\yagol\Documents\projects\metaphase-react-demo\src\orm\model.ts
FN:2,(anonymous_0)
FN:4,(anonymous_1)
FN:5,(anonymous_2)
FN:6,(anonymous_3)
FN:8,__
FN:16,(anonymous_5)
FN:18,Model
FN:29,(anonymous_7)
FN:32,(anonymous_8)
FN:35,(anonymous_9)
FN:39,(anonymous_10)
FN:53,(anonymous_11)
FN:61,(anonymous_12)
FN:69,(anonymous_13)
FN:77,(anonymous_14)
FN:88,(anonymous_15)
FN:112,(anonymous_16)
FN:113,(anonymous_17)
FN:124,(anonymous_18)
FNF:19
FNH:14
FNDA:6,(anonymous_0)
FNDA:0,(anonymous_1)
FNDA:0,(anonymous_2)
FNDA:6,(anonymous_3)
FNDA:6,__
FNDA:6,(anonymous_5)
FNDA:86,Model
FNDA:41,(anonymous_7)
FNDA:75,(anonymous_8)
FNDA:33,(anonymous_9)
FNDA:14,(anonymous_10)
FNDA:1,(anonymous_11)
FNDA:1,(anonymous_12)
FNDA:19,(anonymous_13)
FNDA:18,(anonymous_14)
FNDA:21,(anonymous_15)
FNDA:0,(anonymous_16)
FNDA:0,(anonymous_17)
FNDA:0,(anonymous_18)
DA:2,6
DA:3,6
DA:4,0
DA:5,0
DA:6,6
DA:7,6
DA:8,6
DA:9,6
DA:12,6
DA:13,6
DA:14,6
DA:15,6
DA:16,6
DA:17,6
DA:19,86
DA:20,86
DA:21,86
DA:29,6
DA:30,41
DA:32,6
DA:33,75
DA:35,6
DA:36,33
DA:39,6
DA:40,14
DA:41,0
DA:43,14
DA:44,1
DA:46,13
DA:47,13
DA:48,13
DA:53,6
DA:54,1
DA:55,0
DA:57,1
DA:58,1
DA:59,1
DA:60,1
DA:61,1
DA:69,6
DA:70,19
DA:71,0
DA:73,19
DA:74,19
DA:75,19
DA:76,19
DA:77,19
DA:80,0
DA:81,0
DA:82,0
DA:88,6
DA:89,21
DA:90,15
DA:91,15
DA:92,15
DA:93,15
DA:94,15
DA:95,15
DA:96,13
DA:97,13
DA:112,6
DA:113,0
DA:114,0
DA:115,0
DA:118,0
DA:119,0
DA:122,0
DA:124,6
DA:125,0
DA:127,6
DA:129,6
LF:71
LH:56
BRDA:2,0,0,6
BRDA:2,0,1,6
BRDA:2,0,2,6
BRDA:3,1,0,6
BRDA:3,1,1,0
BRDA:3,1,2,0
BRDA:3,1,3,0
BRDA:5,2,0,0
BRDA:5,2,1,0
BRDA:9,3,0,0
BRDA:9,3,1,6
BRDA:19,4,0,86
BRDA:19,4,1,86
BRDA:40,5,0,0
BRDA:40,5,1,14
BRDA:43,6,0,1
BRDA:43,6,1,13
BRDA:54,7,0,0
BRDA:54,7,1,1
BRDA:70,8,0,0
BRDA:70,8,1,19
BRDA:89,9,0,15
BRDA:89,9,1,6
BRDA:113,10,0,0
BRDA:113,10,1,0
BRF:25
BRH:14
end_of_record
TN:
SF:C:\Users\yagol\Documents\projects\metaphase-react-demo\src\orm\query.builder.ts
FN:39,(anonymous_0)
FN:46,(anonymous_1)
FNF:2
FNH:1
FNDA:80,(anonymous_0)
FNDA:0,(anonymous_1)
DA:2,6
DA:3,6
DA:4,6
DA:6,6
DA:7,6
DA:12,0
DA:19,6
DA:20,6
DA:25,6
DA:31,6
DA:39,6
DA:40,80
DA:46,6
DA:47,0
LF:14
LH:12
BRDA:7,0,0,0
BRDA:7,0,1,6
BRDA:19,1,0,6
BRDA:19,1,1,0
BRF:4
BRH:2
end_of_record
TN:
SF:C:\Users\yagol\Documents\projects\metaphase-react-demo\src\orm\types.ts
FN:4,(anonymous_0)
FNF:1
FNH:1
FNDA:6,(anonymous_0)
DA:2,6
DA:4,6
DA:5,6
DA:6,6
DA:7,6
DA:8,6
DA:9,6
DA:10,6
DA:11,6
DA:12,6
LF:10
LH:10
BRDA:13,0,0,6
BRDA:13,0,1,6
BRF:2
BRH:2
end_of_record
TN:
SF:C:\Users\yagol\Documents\projects\metaphase-react-demo\src\orm\yago.logger.ts
FN:13,(anonymous_0)
FN:26,updateQueryStringParameter
FN:44,disableConsole
FN:46,(anonymous_3)
FN:47,(anonymous_4)
FN:48,(anonymous_5)
FN:71,logQuery
FN:90,log
FNF:8
FNH:6
FNDA:6,(anonymous_0)
FNDA:0,updateQueryStringParameter
FNDA:12,disableConsole
FNDA:189,(anonymous_3)
FNDA:16,(anonymous_4)
FNDA:2,(anonymous_5)
FNDA:149,logQuery
FNDA:0,log
DA:4,6
DA:7,6
DA:13,6
DA:14,6
DA:15,6
DA:16,6
DA:17,6
DA:27,0
DA:28,0
DA:29,0
DA:30,0
DA:33,0
DA:36,6
DA:38,6
DA:39,6
DA:45,12
DA:46,12
DA:47,12
DA:48,12
DA:50,6
DA:51,6
DA:52,6
DA:59,6
DA:72,149
DA:73,109
DA:74,109
DA:76,40
DA:77,40
DA:78,40
DA:81,0
DA:84,6
DA:91,0
DA:93,6
LF:33
LH:26
BRDA:17,0,0,6
BRDA:17,0,1,0
BRDA:28,1,0,0
BRDA:28,1,1,0
BRDA:29,2,0,0
BRDA:29,2,1,0
BRDA:39,3,0,6
BRDA:39,3,1,6
BRDA:45,4,0,12
BRDA:45,4,1,0
BRDA:51,5,0,6
BRDA:51,5,1,0
BRDA:72,6,0,109
BRDA:72,6,1,40
BRDA:76,7,0,40
BRDA:76,7,1,0
BRF:16
BRH:8
end_of_record
